<?xml version="1.0" encoding="UTF-8"?>
<testsuite name="TestSuite" time="241.666" tests="6" errors="0" skipped="0" failures="3">
  <properties>
    <property name="java.runtime.name" value="Java(TM) SE Runtime Environment"/>
    <property name="sun.boot.library.path" value="C:\Program Files\Java\jdk1.8.0_151\jre\bin"/>
    <property name="java.vm.version" value="25.151-b12"/>
    <property name="java.vm.vendor" value="Oracle Corporation"/>
    <property name="maven.multiModuleProjectDirectory" value="C:\Users\Ahmer\Centralize\Appium\MonsantoAssignment"/>
    <property name="java.vendor.url" value="http://java.oracle.com/"/>
    <property name="path.separator" value=";"/>
    <property name="guice.disable.misplaced.annotation.check" value="true"/>
    <property name="java.vm.name" value="Java HotSpot(TM) 64-Bit Server VM"/>
    <property name="file.encoding.pkg" value="sun.io"/>
    <property name="user.script" value=""/>
    <property name="user.country" value="IN"/>
    <property name="sun.java.launcher" value="SUN_STANDARD"/>
    <property name="sun.os.patch.level" value=""/>
    <property name="java.vm.specification.name" value="Java Virtual Machine Specification"/>
    <property name="user.dir" value="C:\Users\Ahmer\Centralize\Appium\MonsantoAssignment"/>
    <property name="java.runtime.version" value="1.8.0_151-b12"/>
    <property name="java.awt.graphicsenv" value="sun.awt.Win32GraphicsEnvironment"/>
    <property name="java.endorsed.dirs" value="C:\Program Files\Java\jdk1.8.0_151\jre\lib\endorsed"/>
    <property name="os.arch" value="amd64"/>
    <property name="java.io.tmpdir" value="C:\Users\Ahmer\AppData\Local\Temp\"/>
    <property name="line.separator" value="&#10;"/>
    <property name="java.vm.specification.vendor" value="Oracle Corporation"/>
    <property name="user.variant" value=""/>
    <property name="os.name" value="Windows 10"/>
    <property name="classworlds.conf" value="C:\Users\Ahmer\Centralize\Assignments\monsanto\.metadata\.plugins\org.eclipse.m2e.launching\launches\m2conf8714005140679885445.tmp"/>
    <property name="sun.jnu.encoding" value="Cp1252"/>
    <property name="java.library.path" value="C:\Program Files\Java\jdk1.8.0_151\bin;C:\WINDOWS\Sun\Java\bin;C:\WINDOWS\system32;C:\WINDOWS;C:/Program Files/Java/jre1.8.0_151/bin/server;C:/Program Files/Java/jre1.8.0_151/bin;C:/Program Files/Java/jre1.8.0_151/lib/amd64;C:\ProgramData\Oracle\Java\javapath;C:\Windows\system32;C:\Windows;C:\Windows\System32\Wbem;C:\Windows\System32\WindowsPowerShell\v1.0\;C:\Program Files (x86)\NVIDIA Corporation\PhysX\Common;C:\Users\Ahmer\AppData\Local\Android\Sdk\tools\bin;C:\Users\Ahmer\AppData\Local\Android\Sdk\tools;C:\Users\Ahmer\AppData\Local\Android\Sdk\platform-tools;C:\Program Files\nodejs\;C:\Program Files\nodejs\node_modules\npm\bin;C:\WINDOWS\system32;C:\WINDOWS;C:\WINDOWS\System32\Wbem;C:\WINDOWS\System32\WindowsPowerShell\v1.0\;C:\Users\Ahmer\Downloads\apache-maven-3.5.2\bin;C:\WINDOWS\System32\OpenSSH\;C:\Users\Ahmer\Pictures\iPhone_Pics\apache-ant-1.10.5\bin;C:\Program Files (x86)\Yarn\bin\;C:\Users\Ahmer\AppData\Local\Microsoft\WindowsApps;C:\Users\Ahmer\AppData\Roaming\npm;C:\Users\Ahmer\AppData\Local\Yarn\bin;C:\Users\Ahmer\Centralize\Softwares\eclipse;;."/>
    <property name="java.specification.name" value="Java Platform API Specification"/>
    <property name="java.class.version" value="52.0"/>
    <property name="sun.management.compiler" value="HotSpot 64-Bit Tiered Compilers"/>
    <property name="os.version" value="10.0"/>
    <property name="user.home" value="C:\Users\Ahmer"/>
    <property name="user.timezone" value="Asia/Calcutta"/>
    <property name="java.awt.printerjob" value="sun.awt.windows.WPrinterJob"/>
    <property name="java.specification.version" value="1.8"/>
    <property name="file.encoding" value="Cp1252"/>
    <property name="user.name" value="Ahmer"/>
    <property name="java.class.path" value="/C:/Users/Ahmer/Centralize/Softwares/eclipse/plugins/org.eclipse.m2e.maven.runtime_1.6.2.20150902-0001/jars/plexus-classworlds-2.5.2.jar"/>
    <property name="java.vm.specification.version" value="1.8"/>
    <property name="sun.arch.data.model" value="64"/>
    <property name="java.home" value="C:\Program Files\Java\jdk1.8.0_151\jre"/>
    <property name="sun.java.command" value="org.codehaus.plexus.classworlds.launcher.Launcher -B test"/>
    <property name="java.specification.vendor" value="Oracle Corporation"/>
    <property name="user.language" value="en"/>
    <property name="awt.toolkit" value="sun.awt.windows.WToolkit"/>
    <property name="java.vm.info" value="mixed mode"/>
    <property name="java.version" value="1.8.0_151"/>
    <property name="java.ext.dirs" value="C:\Program Files\Java\jdk1.8.0_151\jre\lib\ext;C:\WINDOWS\Sun\Java\lib\ext"/>
    <property name="sun.boot.class.path" value="C:\Program Files\Java\jdk1.8.0_151\jre\lib\resources.jar;C:\Program Files\Java\jdk1.8.0_151\jre\lib\rt.jar;C:\Program Files\Java\jdk1.8.0_151\jre\lib\sunrsasign.jar;C:\Program Files\Java\jdk1.8.0_151\jre\lib\jsse.jar;C:\Program Files\Java\jdk1.8.0_151\jre\lib\jce.jar;C:\Program Files\Java\jdk1.8.0_151\jre\lib\charsets.jar;C:\Program Files\Java\jdk1.8.0_151\jre\lib\jfr.jar;C:\Program Files\Java\jdk1.8.0_151\jre\classes"/>
    <property name="java.vendor" value="Oracle Corporation"/>
    <property name="maven.home" value="C:\Users\Ahmer\Centralize\Appium\MonsantoAssignment\EMBEDDED"/>
    <property name="file.separator" value="\"/>
    <property name="java.vendor.url.bug" value="http://bugreport.sun.com/bugreport/"/>
    <property name="sun.cpu.endian" value="little"/>
    <property name="sun.io.unicode.encoding" value="UnicodeLittle"/>
    <property name="sun.desktop" value="windows"/>
    <property name="sun.cpu.isalist" value="amd64"/>
  </properties>
  <testcase name="onBoradingAction" classname="com.monsanto.TestScripts.TestScriptFarmRise" time="25.837"/>
  <testcase name="navigateWeatherAccessScreen" classname="com.monsanto.TestScripts.TestScriptFarmRise" time="4.725"/>
  <testcase name="verifyAppTimeAgainstSystemTime" classname="com.monsanto.TestScripts.TestScriptFarmRise" time="97.873">
    <failure message="expected [false] but found [true]" type="java.lang.AssertionError">java.lang.AssertionError: expected [false] but found [true]
	at org.testng.Assert.fail(Assert.java:94)
	at org.testng.Assert.failNotEquals(Assert.java:494)
	at org.testng.Assert.assertFalse(Assert.java:63)
	at org.testng.Assert.assertFalse(Assert.java:73)
	at com.monsanto.PageHelper.FarmRisePageHelper.scrollHorizontally(FarmRisePageHelper.java:258)
	at com.monsanto.PageHelper.FarmRisePageHelper.verifyHours(FarmRisePageHelper.java:229)
	at com.monsanto.TestScripts.TestScriptFarmRise.verifyAppTimeAgainstSystemTime(TestScriptFarmRise.java:39)
</failure>
    <system-out><![CDATA[[HTTP] --> POST /wd/hub/session/6d28dc6e-8969-495c-9f05-2f1e2144267d/elements {"using":"id","value":"com.climate.farmrise:id/hourlyValue"}
[debug] [MJSONWP] Calling AppiumDriver.findElements() with args: ["id","com.climate.farmrise:id/hourlyValue","6d28dc6e-8969-495c-9f05-2f1e2144267d"]
[debug] [BaseDriver] Valid locator strategies for this request: xpath, id, class name, accessibility id, -android uiautomator
[debug] [BaseDriver] Valid locator strategies for this request: xpath, id, class name, accessibility id, -android uiautomator
[debug] [BaseDriver] Waiting up to 80000 ms for condition
[debug] [AndroidBootstrap] Sending command to android: {"cmd":"action","action":"find","params":{"strategy":"id","selector":"com.climate.farmrise:id/hourlyValue","context":"","multiple":true}}
[debug] [AndroidBootstrap] [BOOTSTRAP LOG] [debug] Got data from client: {"cmd":"action","action":"find","params":{"strategy":"id","selector":"com.climate.farmrise:id/hourlyValue","context":"","multiple":true}}
[debug] [AndroidBootstrap] [BOOTSTRAP LOG] [debug] Got command of type ACTION
[debug] [AndroidBootstrap] [BOOTSTRAP LOG] [debug] Got command action: find
[debug] [AndroidBootstrap] [BOOTSTRAP LOG] [debug] Finding 'com.climate.farmrise:id/hourlyValue' using 'ID' with the contextId: '' multiple: true
[debug] [AndroidBootstrap] [BOOTSTRAP LOG] [debug] Using: UiSelector[RESOURCE_ID=com.climate.farmrise:id/hourlyValue]
[debug] [AndroidBootstrap] [BOOTSTRAP LOG] [debug] getElements selector:UiSelector[RESOURCE_ID=com.climate.farmrise:id/hourlyValue]
[debug] [AndroidBootstrap] [BOOTSTRAP LOG] [debug] Element[] is null: (0)
[debug] [AndroidBootstrap] [BOOTSTRAP LOG] [debug] getElements tmp selector:UiSelector[INSTANCE=0, RESOURCE_ID=com.climate.farmrise:id/hourlyValue]
[debug] [AndroidBootstrap] [BOOTSTRAP LOG] [debug] Element[] is null: (1)
[debug] [AndroidBootstrap] [BOOTSTRAP LOG] [debug] getElements tmp selector:UiSelector[INSTANCE=1, RESOURCE_ID=com.climate.farmrise:id/hourlyValue]
[debug] [AndroidBootstrap] [BOOTSTRAP LOG] [debug] Element[] is null: (2)
[debug] [AndroidBootstrap] [BOOTSTRAP LOG] [debug] getElements tmp selector:UiSelector[INSTANCE=2, RESOURCE_ID=com.climate.farmrise:id/hourlyValue]
[debug] [AndroidBootstrap] [BOOTSTRAP LOG] [debug] Element[] is null: (3)
[debug] [AndroidBootstrap] [BOOTSTRAP LOG] [debug] getElements tmp selector:UiSelector[INSTANCE=3, RESOURCE_ID=com.climate.farmrise:id/hourlyValue]
[debug] [AndroidBootstrap] [BOOTSTRAP LOG] [debug] Element[] is null: (4)
[debug] [AndroidBootstrap] [BOOTSTRAP LOG] [debug] getElements tmp selector:UiSelector[INSTANCE=4, RESOURCE_ID=com.climate.farmrise:id/hourlyValue]
[debug] [AndroidBootstrap] [BOOTSTRAP LOG] [debug] Element[] is null: (5)
[debug] [AndroidBootstrap] [BOOTSTRAP LOG] [debug] getElements tmp selector:UiSelector[INSTANCE=5, RESOURCE_ID=com.climate.farmrise:id/hourlyValue]
[debug] [AndroidBootstrap] [BOOTSTRAP LOG] [debug] Element[] is null: (6)
[debug] [AndroidBootstrap] [BOOTSTRAP LOG] [debug] getElements tmp selector:UiSelector[INSTANCE=6, RESOURCE_ID=com.climate.farmrise:id/hourlyValue]
[debug] [AndroidBootstrap] [BOOTSTRAP LOG] [debug] Returning result: {"status":0,"value":[{"ELEMENT":"59"},{"ELEMENT":"60"},{"ELEMENT":"61"},{"ELEMENT":"62"},{"ELEMENT":"63"},{"ELEMENT":"64"}]}
[debug] [AndroidBootstrap] Received command result from bootstrap
[debug] [MJSONWP] Responding to client with driver.findElements() result: [{"ELEMENT":"59"},{"ELEMENT":"60"},{"ELEMENT":"61"},{"ELEMENT":"62"},{"ELEMENT":"63"},{"ELEMENT":"64"}]
[HTTP] <-- POST /wd/hub/session/6d28dc6e-8969-495c-9f05-2f1e2144267d/elements 200 551 ms - 175 
[HTTP] --> GET /wd/hub/session/6d28dc6e-8969-495c-9f05-2f1e2144267d/element/60/text {}
[debug] [MJSONWP] Calling AppiumDriver.getText() with args: ["60","6d28dc6e-8969-495c-9f05-2f1e2144267d"]
[debug] [AndroidBootstrap] Sending command to android: {"cmd":"action","action":"element:getText","params":{"elementId":"60"}}
[debug] [AndroidBootstrap] [BOOTSTRAP LOG] [debug] Got data from client: {"cmd":"action","action":"element:getText","params":{"elementId":"60"}}
[debug] [AndroidBootstrap] [BOOTSTRAP LOG] [debug] Got command of type ACTION
[debug] [AndroidBootstrap] [BOOTSTRAP LOG] [debug] Got command action: getText
[debug] [AndroidBootstrap] [BOOTSTRAP LOG] [debug] Returning result: {"status":0,"value":"1 AM"}
[debug] [AndroidBootstrap] Received command result from bootstrap
[debug] [MJSONWP] Responding to client with driver.getText() result: "1 AM"
[HTTP] <-- GET /wd/hub/session/6d28dc6e-8969-495c-9f05-2f1e2144267d/element/60/text 200 28 ms - 78 
[HTTP] --> POST /wd/hub/session/6d28dc6e-8969-495c-9f05-2f1e2144267d/element {"using":"-android uiautomator","value":"new UiScrollable(new UiSelector().resourceId(\"com.climate.farmrise:id/hourlyWeatherForecastLayout\")).setAsHorizontalList().scrollIntoView(new UiSelector().text(\"12 AM\"))"}
[debug] [MJSONWP] Calling AppiumDriver.findElement() with args: ["-android uiautomator","new UiScrollable(new UiSelector().resourceId(\"com.climate.farmrise:id/hourlyWeatherForecastLayout\")).setAsHorizontalList().scrollIntoView(new UiSelector().text(\"12 AM\"))","6d28dc6e-8969-495c-9f05-2f1e2144267d"]
[debug] [BaseDriver] Valid locator strategies for this request: xpath, id, class name, accessibility id, -android uiautomator
[debug] [BaseDriver] Valid locator strategies for this request: xpath, id, class name, accessibility id, -android uiautomator
[debug] [BaseDriver] Waiting up to 80000 ms for condition
[debug] [AndroidBootstrap] Sending command to android: {"cmd":"action","action":"find","params":{"strategy":"-android uiautomator","selector":"new UiScrollable(new UiSelector().resourceId(\"com.climate.farmrise:id/hourlyWeatherForecastLayout\")).setAsHorizontalList().scrollIntoView(new UiSelector().text(\"12 AM\"))","context":"","multiple":false}}
[debug] [AndroidBootstrap] [BOOTSTRAP LOG] [debug] Got data from client: {"cmd":"action","action":"find","params":{"strategy":"-android uiautomator","selector":"new UiScrollable(new UiSelector().resourceId(\"com.climate.farmrise:id/hourlyWeatherForecastLayout\")).setAsHorizontalList().scrollIntoView(new UiSelector().text(\"12 AM\"))","context":"","multiple":false}}
[debug] [AndroidBootstrap] [BOOTSTRAP LOG] [debug] Got command of type ACTION
[debug] [AndroidBootstrap] [BOOTSTRAP LOG] [debug] Got command action: find
[debug] [AndroidBootstrap] [BOOTSTRAP LOG] [debug] Finding 'new UiScrollable(new UiSelector().resourceId("com.climate.farmrise:id/hourlyWeatherForecastLayout")).setAsHorizontalList().scrollIntoView(new UiSelector().text("12 AM"))' using 'ANDROID_UIAUTOMATOR' with the contextId: '' multiple: false
[debug] [AndroidBootstrap] [BOOTSTRAP LOG] [debug] Parsing scrollable: new UiScrollable(new UiSelector().resourceId("com.climate.farmrise:id/hourlyWeatherForecastLayout")).setAsHorizontalList().scrollIntoView(new UiSelector().text("12 AM"))
[debug] [AndroidBootstrap] [UIAUTO STDOUT] [APPIUM-UIAU
[debug] [AndroidBootstrap] [UIAUTO STDOUT] TO] [debug] UiSelector coerce type: class java.lang.String arg: "com.climate.farmrise:id/hourlyWeatherForecastLayout"[/APPIUM-UIAUTO]
[debug] [AndroidBootstrap] [BOOTSTRAP LOG] [debug] UiScrollable invoking method: public com.android.uiautomator.core.UiScrollable com.android.uiautomator.core.UiScrollable.setAsHorizontalList() args:
[debug] [AndroidBootstrap] [BOOTSTRAP LOG] [debug] UiScrollable invoking method: public boolean com.android.uiautomator.core.UiScrollable.scrollIntoView(com.android.uiautomator.core.UiObject) throws com.android.uiautomator.core.UiObjectNotFoundException args: new UiSelector().text("12 AM"),
[debug] [AndroidBootstrap] [BOOTSTRAP LOG] [debug] UiScrollable coerce type: class com.android.uiautomator.core.UiObject arg: new UiSelector().text("12 AM")
[debug] [AndroidBootstrap] [BOOTSTRAP LOG] [debug] UiSelector coerce type: class java.lang.String arg: "12 AM"
[debug] [AndroidBootstrap] [BOOTSTRAP LOG] [debug] Method name: scrollIntoView
[debug] [AndroidBootstrap] [BOOTSTRAP LOG] [debug] Setting uiObject for scrollIntoView
[debug] [AndroidBootstrap] [BOOTSTRAP LOG] [debug] Invoking method: public boolean com.android.uiautomator.core.UiScrollable.scrollIntoView(com.android.uiautomator.core.UiObject) throws com.android.uiautomator.core.UiObjectNotFoundException with: com.android.uiautomator.core.UiObject@b11bee5
[debug] [AndroidBootstrap] [BOOTSTRAP LOG] [debug] Invoke complete.
[debug] [AndroidBootstrap] [BOOTSTRAP LOG] [debug] Using: UiSelector[TEXT=12 AM]
[debug] [AndroidBootstrap] [BOOTSTRAP LOG] [debug] Failed to locate element. Clearing Accessibility cache and retrying.
[debug] [AndroidBootstrap] [BOOTSTRAP LOG] [debug] Finding 'new UiScrollable(new UiSelector().resourceId("com.climate.farmrise:id/hourlyWeatherForecastLayout")).setAsHorizontalList().scrollIntoView(new UiSelector().text("12 AM"))' using 'ANDROID_UIAUTOMATOR' with the contextId: '' multiple: false
[debug] [AndroidBootstrap] [BOOTSTRAP LOG] [debug] Parsing scrollable: new UiScrollable(new UiSelector().resourceId("com.climate.farmrise:id/hourlyWeatherForecastLayout")).setAsHorizontalList().scrollIntoView(new UiSelector().text("12 AM"))
[debug] [AndroidBootstrap] [BOOTSTRAP LOG] [debug] UiSelector coerce type: class java.lang.String arg: "com.climate.farmrise:id/hourlyWeatherForecastLayout"
[debug] [AndroidBootstrap] [BOOTSTRAP LOG] [debug] UiScrollable invoking method: public com.android.uiautomator.core.UiScrollable com.android.uiautomator.core.UiScrollable.setAsHorizontalList() args:
[debug] [AndroidBootstrap] [BOOTSTRAP LOG] [debug] UiScrollable invoking method: public boolean com.android.uiautomator.core.UiScrollable.scrollIntoView(com.android.uiautomator.core.UiObject) throws com.android.uiautomator.core.UiObjectNotFoundException args: new UiSelector().text("12 AM"),
[debug] [AndroidBootstrap] [BOOTSTRAP LOG] [debug] UiScrollable coerce type: class com.android.uiautomator.core.UiObject arg: new UiSelector().text("12 AM")
[debug] [AndroidBootstrap] [BOOTSTRAP LOG] [debug] UiSelector coerce type: class java.lang.String arg: "12 AM"
[debug] [AndroidBootstrap] [BOOTSTRAP LOG] [debug] Method name: scrollIntoView
[debug] [AndroidBootstrap] [BOOTSTRAP LOG] [debug] Setting uiObject for scrollIntoView
[debug] [AndroidBootstrap] [BOOTSTRAP LOG] [debug] Invoking method: public boolean com.android.uiautomator.core.UiScrollable.scrollIntoView(com.android.uiautomator.core.UiObject) throws com.android.uiautomator.core.UiObjectNotFoundException with: com.android.uiautomator.core.UiObject@8d63dba
[debug] [AndroidBootstrap] [BOOTSTRAP LOG] [debug] Invoke complete.
[debug] [AndroidBootstrap] [BOOTSTRAP LOG] [debug] Using: UiSelector[TEXT=12 AM]
[debug] [AndroidBootstrap] [BOOTSTRAP LOG] [debug] Returning result: {"status":7,"value":"No element found"}
[debug] [AndroidBootstrap] Received command result from bootstrap
[debug] [BaseDriver] Waited for 27498 ms so far
[debug] [AndroidBootstrap] Sending command to android: {"cmd":"action","action":"find","params":{"strategy":"-android uiautomator","selector":"new UiScrollable(new UiSelector().resourceId(\"com.climate.farmrise:id/hourlyWeatherForecastLayout\")).setAsHorizontalList().scrollIntoView(new UiSelector().text(\"12 AM\"))","context":"","multiple":false}}
[debug] [AndroidBootstrap] [BOOTSTRAP LOG] [debug] Got data from client: {"cmd":"action","action":"find","params":{"strategy":"-android uiautomator","selector":"new UiScrollable(new UiSelector().resourceId(\"com.climate.farmrise:id/hourlyWeatherForecastLayout\")).setAsHorizontalList().scrollIntoView(new UiSelector().text(\"12 AM\"))","context":"","multiple":false}}
[debug] [AndroidBootstrap] [BOOTSTRAP LOG] [debug] Got command of type ACTION
[debug] [AndroidBootstrap] [BOOTSTRAP LOG] [debug] Got command action: find
[debug] [AndroidBootstrap] [BOOTSTRAP LOG] [debug] Finding 'new UiScrollable(new UiSelector().resourceId("com.climate.farmrise:id/hourlyWeatherForecastLayout")).setAsHorizontalList().scrollIntoView(new UiSelector().text("12 AM"))' using 'ANDROID_UIAUTOMATOR' with the contextId: '' multiple: false
[debug] [AndroidBootstrap] [BOOTSTRAP LOG] [debug] Parsing scrollable: new UiScrollable(new UiSelector().resourceId("com.climate.farmrise:id/hourlyWeatherForecastLayout")).setAsHorizontalList().scrollIntoView(new UiSelector().text("12 AM"))
[debug] [AndroidBootstrap] [BOOTSTRAP LOG] [debug] UiSelector coerce type: class java.lang.String arg: "com.climate.farmrise:id/hourlyWeatherForecastLayout"
[debug] [AndroidBootstrap] [BOOTSTRAP LOG] [debug] UiScrollable invoking method: public com.android.uiautomator.core.UiScrollable com.android.uiautomator.core.UiScrollable.setAsHorizontalList() args:
[debug] [AndroidBootstrap] [BOOTSTRAP LOG] [debug] UiScrollable invoking method: public boolean com.android.uiautomator.core.UiScrollable.scrollIntoView(com.android.uiautomator.core.UiObject) throws com.android.uiautomator.core.UiObjectNotFoundException args: new UiSelector().text("12 AM"),
[debug] [AndroidBootstrap] [BOOTSTRAP LOG] [debug] UiScrollable coerce type: class com.android.uiautomator.core.UiObject arg: new UiSelector().text("12 AM")
[debug] [AndroidBootstrap] [BOOTSTRAP LOG] [debug] UiSelector coerce type: class java.lang.String arg: "12 AM"
[debug] [AndroidBootstrap] [BOOTSTRAP LOG] [debug] Method name: scrollIntoView
[debug] [AndroidBootstrap] [BOOTSTRAP LOG] [debug] Setting uiObject for scrollIntoView
[debug] [AndroidBootstrap] [BOOTSTRAP LOG] [debug] Invoking method: public boolean com.android.uiautomator.core.UiScrollable.scrollIntoView(com.android.uiautomator.core.UiObject) throws com.android.uiautomator.core.UiObjectNotFoundException with: com.android.uiautomator.core.UiObject@1e3246b
[debug] [AndroidBootstrap] [BOOTSTRAP LOG] [debug] Invoke complete.
[debug] [AndroidBootstrap] [BOOTSTRAP LOG] [debug] Using: UiSelector[TEXT=12 AM]
[debug] [AndroidBootstrap] [BOOTSTRAP LOG] [debug] Failed to locate element. Clearing Accessibility cache and retrying.
[debug] [AndroidBootstrap] [BOOTSTRAP LOG] [debug] Finding 'new UiScrollable(new UiSelector().resourceId("com.climate.farmrise:id/hourlyWeatherForecastLayout")).setAsHorizontalList().scrollIntoView(new UiSelector().text("12 AM"))' using 'ANDROID_UIAUTOMATOR' with the contextId: '' multiple: false
[debug] [AndroidBootstrap] [BOOTSTRAP LOG] [debug] Parsing scrollable: new UiScrollable(new UiSelector().resourceId("com.climate.farmrise:id/hourlyWeatherForecastLayout")).setAsHorizontalList().scrollIntoView(new UiSelector().text("12 AM"))
[debug] [AndroidBootstrap] [BOOTSTRAP LOG] [debug] UiSelector coerce type: class java.lang.String arg: "com.climate.farmrise:id/hourlyWeatherForecastLayout"
[debug] [AndroidBootstrap] [BOOTSTRAP LOG] [debug] UiScrollable invoking method: public com.android.uiautomator.core.UiScrollable com.android.uiautomator.core.UiScrollable.setAsHorizontalList() args:
[debug] [AndroidBootstrap] [BOOTSTRAP LOG] [debug] UiScrollable invoking method: public boolean com.android.uiautomator.core.UiScrollable.scrollIntoView(com.android.uiautomator.core.UiObject) throws com.android.uiautomator.core.UiObjectNotFoundException args: new UiSelector().text("12 AM"),
[debug] [AndroidBootstrap] [BOOTSTRAP LOG] [debug] UiScrollable coerce type: class com.android.uiautomator.core.UiObject arg: new UiSelector().text("12 AM")
[debug] [AndroidBootstrap] [BOOTSTRAP LOG] [debug] UiSelector coerce type: class java.lang.String arg: "12 AM"
[debug] [AndroidBootstrap] [BOOTSTRAP LOG] [debug] Method name: scrollIntoView
[debug] [AndroidBootstrap] [BOOTSTRAP LOG] [debug] Setting uiObject for scrollIntoView
[debug] [AndroidBootstrap] [BOOTSTRAP LOG] [debug] Invoking method: public boolean com.android.uiautomator.core.UiScrollable.scrollIntoView(com.android.uiautomator.core.UiObject) throws com.android.uiautomator.core.UiObjectNotFoundException with: com.android.uiautomator.core.UiObject@8914bc8
[debug] [AndroidBootstrap] [BOOTSTRAP LOG] [debug] Invoke complete.
[debug] [AndroidBootstrap] [BOOTSTRAP LOG] [debug] Using: UiSelector[TEXT=12 AM]
[debug] [AndroidBootstrap] [BOOTSTRAP LOG] [debug] Returning result: {"status":7,"value":"No element found"}
[debug] [AndroidBootstrap] Received command result from bootstrap
[debug] [BaseDriver] Waited for 62775 ms so far
[debug] [AndroidBootstrap] Sending command to android: {"cmd":"action","action":"find","params":{"strategy":"-android uiautomator","selector":"new UiScrollable(new UiSelector().resourceId(\"com.climate.farmrise:id/hourlyWeatherForecastLayout\")).setAsHorizontalList().scrollIntoView(new UiSelector().text(\"12 AM\"))","context":"","multiple":false}}
[debug] [AndroidBootstrap] [BOOTSTRAP LOG] [debug] Got data from client: {"cmd":"action","action":"find","params":{"strategy":"-android uiautomator","selector":"new UiScrollable(new UiSelector().resourceId(\"com.climate.farmrise:id/hourlyWeatherForecastLayout\")).setAsHorizontalList().scrollIntoView(new UiSelector().text(\"12 AM\"))","context":"","multiple":false}}
[debug] [AndroidBootstrap] [BOOTSTRAP LOG] [debug] Got command of type ACTION
[debug] [AndroidBootstrap] [BOOTSTRAP LOG] [debug] Got command action: find
[debug] [AndroidBootstrap] [BOOTSTRAP LOG] [debug] Finding 'new UiScrollable(new UiSelector().resourceId("com.climate.farmrise:id/hourlyWeatherForecastLayout")).setAsHorizontalList().scrollIntoView(new UiSelector().text("12 AM"))' using 'ANDROID_UIAUTOMATOR' with the contextId: '' multiple: false
[debug] [AndroidBootstrap] [BOOTSTRAP LOG] [debug] Parsing scrollable: new UiScrollable(new UiSelector().resourceId("com.climate.farmrise:id/hourlyWeatherForecastLayout")).setAsHorizontalList().scrollIntoView(new UiSelector().text("12 AM"))
[debug] [AndroidBootstrap] [UIAUTO STDOUT] [APPIUM-UIAU
[debug] [AndroidBootstrap] [UIAUTO STDOUT] TO] [debug] UiSelector coerce type: class java.lang.String arg: "com.climate.farmrise:id/hourlyWeatherForecastLayout"[/APPIUM-UIAUTO]
[debug] [AndroidBootstrap] [BOOTSTRAP LOG] [debug] UiScrollable invoking method: public com.android.uiautomator.core.UiScrollable com.android.uiautomator.core.UiScrollable.setAsHorizontalList() args:
[debug] [AndroidBootstrap] [BOOTSTRAP LOG] [debug] UiScrollable invoking method: public boolean com.android.uiautomator.core.UiScrollable.scrollIntoView(com.android.uiautomator.core.UiObject) throws com.android.uiautomator.core.UiObjectNotFoundException args: new UiSelector().text("12 AM"),
[debug] [AndroidBootstrap] [BOOTSTRAP LOG] [debug] UiScrollable coerce type: class com.android.uiautomator.core.UiObject arg: new UiSelector().text("12 AM")
[debug] [AndroidBootstrap] [BOOTSTRAP LOG] [debug] UiSelector coerce type: class java.lang.String arg: "12 AM"
[debug] [AndroidBootstrap] [BOOTSTRAP LOG] [debug] Method name: scrollIntoView
[debug] [AndroidBootstrap] [BOOTSTRAP LOG] [debug] Setting uiObject for scrollIntoView
[debug] [AndroidBootstrap] [BOOTSTRAP LOG] [debug] Invoking method: public boolean com.android.uiautomator.core.UiScrollable.scrollIntoView(com.android.uiautomator.core.UiObject) throws com.android.uiautomator.core.UiObjectNotFoundException with: com.android.uiautomator.core.UiObject@fa46461
[debug] [AndroidBootstrap] [BOOTSTRAP LOG] [debug] Invoke complete.
[debug] [AndroidBootstrap] [BOOTSTRAP LOG] [debug] Using: UiSelector[TEXT=12 AM]
[debug] [AndroidBootstrap] [BOOTSTRAP LOG] [debug] Failed to locate element. Clearing Accessibility cache and retrying.
[debug] [AndroidBootstrap] [BOOTSTRAP LOG] [debug] Finding 'new UiScrollable(new UiSelector().resourceId("com.climate.farmrise:id/hourlyWeatherForecastLayout")).setAsHorizontalList().scrollIntoView(new UiSelector().text("12 AM"))' using 'ANDROID_UIAUTOMATOR' with the contextId: '' multiple: false
[debug] [AndroidBootstrap] [BOOTSTRAP LOG] [debug] Parsing scrollable: new UiScrollable(new UiSelector().resourceId("com.climate.farmrise:id/hourlyWeatherForecastLayout")).setAsHorizontalList().scrollIntoView(new UiSelector().text("12 AM"))
[debug] [AndroidBootstrap] [BOOTSTRAP LOG] [debug] UiSelector coerce type: class java.lang.String arg: "com.climate.farmrise:id/hourlyWeatherForecastLayout"
[debug] [AndroidBootstrap] [BOOTSTRAP LOG] [debug] UiScrollable invoking method: public com.android.uiautomator.core.UiScrollable com.android.uiautomator.core.UiScrollable.setAsHorizontalList() args:
[debug] [AndroidBootstrap] [BOOTSTRAP LOG] [debug] UiScrollable invoking method: public boolean com.android.uiautomator.core.UiScrollable.scrollIntoView(com.android.uiautomator.core.UiObject) throws com.android.uiautomator.core.UiObjectNotFoundException args: new UiSelector().text("12 AM"),
[debug] [AndroidBootstrap] [BOOTSTRAP LOG] [debug] UiScrollable coerce type: class com.android.uiautomator.core.UiObject arg: new UiSelector().text("12 AM")
[debug] [AndroidBootstrap] [BOOTSTRAP LOG] [debug] UiSelector coerce type: class java.lang.String arg: "12 AM"
[debug] [AndroidBootstrap] [BOOTSTRAP LOG] [debug] Method name: scrollIntoView
[debug] [AndroidBootstrap] [BOOTSTRAP LOG] [debug] Setting uiObject for scrollIntoView
[debug] [AndroidBootstrap] [BOOTSTRAP LOG] [debug] Invoking method: public boolean com.android.uiautomator.core.UiScrollable.scrollIntoView(com.android.uiautomator.core.UiObject) throws com.android.uiautomator.core.UiObjectNotFoundException with: com.android.uiautomator.core.UiObject@39a7b86
[debug] [AndroidBootstrap] [BOOTSTRAP LOG] [debug] Invoke complete.
[debug] [AndroidBootstrap] [BOOTSTRAP LOG] [debug] Using: UiSelector[TEXT=12 AM]
[debug] [AndroidBootstrap] [BOOTSTRAP LOG] [debug] Returning result: {"status":7,"value":"No element found"}
[debug] [AndroidBootstrap] Received command result from bootstrap
[HTTP] <-- POST /wd/hub/session/6d28dc6e-8969-495c-9f05-2f1e2144267d/element 500 97235 ms - 164 
]]></system-out>
  </testcase>
  <testcase name="navigateToGovernmentSchemesPage" classname="com.monsanto.TestScripts.TestScriptFarmRise" time="4.296"/>
  <testcase name="tapOnLoadMoreSchemesButton" classname="com.monsanto.TestScripts.TestScriptFarmRise" time="83.612">
    <failure message="expected [false] but found [true]" type="java.lang.AssertionError">java.lang.AssertionError: expected [false] but found [true]
	at org.testng.Assert.fail(Assert.java:94)
	at org.testng.Assert.failNotEquals(Assert.java:494)
	at org.testng.Assert.assertFalse(Assert.java:63)
	at org.testng.Assert.assertFalse(Assert.java:73)
	at com.monsanto.PageHelper.FarmRisePageHelper.scrollTillVisibleElement(FarmRisePageHelper.java:319)
	at com.monsanto.TestScripts.TestScriptFarmRise.tapOnLoadMoreSchemesButton(TestScriptFarmRise.java:59)
</failure>
    <system-out><![CDATA[[HTTP] --> POST /wd/hub/session/6d28dc6e-8969-495c-9f05-2f1e2144267d/element {"using":"id","value":"com.climate.farmrise:id/toolBar_Title"}
[debug] [MJSONWP] Calling AppiumDriver.findElement() with args: ["id","com.climate.farmrise:id/toolBar_Title","6d28dc6e-8969-495c-9f05-2f1e2144267d"]
[debug] [BaseDriver] Valid locator strategies for this request: xpath, id, class name, accessibility id, -android uiautomator
[debug] [BaseDriver] Valid locator strategies for this request: xpath, id, class name, accessibility id, -android uiautomator
[debug] [BaseDriver] Waiting up to 80000 ms for condition
[debug] [AndroidBootstrap] Sending command to android: {"cmd":"action","action":"find","params":{"strategy":"id","selector":"com.climate.farmrise:id/toolBar_Title","context":"","multiple":false}}
[debug] [AndroidBootstrap] [BOOTSTRAP LOG] [debug] Got data from client: {"cmd":"action","action":"find","params":{"strategy":"id","selector":"com.climate.farmrise:id/toolBar_Title","context":"","multiple":false}}
[debug] [AndroidBootstrap] [BOOTSTRAP LOG] [debug] Got command of type ACTION
[debug] [AndroidBootstrap] [BOOTSTRAP LOG] [debug] Got command action: find
[debug] [AndroidBootstrap] [BOOTSTRAP LOG] [debug] Finding 'com.climate.farmrise:id/toolBar_Title' using 'ID' with the contextId: '' multiple: false
[debug] [AndroidBootstrap] [BOOTSTRAP LOG] [debug] Using: UiSelector[INSTANCE=0, RESOURCE_ID=com.climate.farmrise:id/toolBar_Title]
[debug] [AndroidBootstrap] [BOOTSTRAP LOG] [debug] Returning result: {"status":0,"value":{"ELEMENT":"76"}}
[debug] [AndroidBootstrap] Received command result from bootstrap
[debug] [MJSONWP] Responding to client with driver.findElement() result: {"ELEMENT":"76"}
[HTTP] <-- POST /wd/hub/session/6d28dc6e-8969-495c-9f05-2f1e2144267d/element 200 38 ms - 88 
[HTTP] --> GET /wd/hub/session/6d28dc6e-8969-495c-9f05-2f1e2144267d/element/76/displayed {}
[debug] [MJSONWP] Calling AppiumDriver.elementDisplayed() with args: ["76","6d28dc6e-8969-495c-9f05-2f1e2144267d"]
[debug] [AndroidBootstrap] Sending command to android: {"cmd":"action","action":"element:getAttribute","params":{"attribute":"displayed","elementId":"76"}}
[debug] [AndroidBootstrap] [BOOTSTRAP LOG] [debug] Got data from client: {"cmd":"action","action":"element:getAttribute","params":{"attribute":"displayed","elementId":"76"}}
[debug] [AndroidBootstrap] [BOOTSTRAP LOG] [debug] Got command of type ACTION
[debug] [AndroidBootstrap] [BOOTSTRAP LOG] [debug] Got command action: getAttribute
[debug] [AndroidBootstrap] [BOOTSTRAP LOG] [debug] Returning result: {"status":0,"value":"true"}
[debug] [AndroidBootstrap] Received command result from bootstrap
[debug] [MJSONWP] Responding to client with driver.elementDisplayed() result: true
[HTTP] <-- GET /wd/hub/session/6d28dc6e-8969-495c-9f05-2f1e2144267d/element/76/displayed 200 27 ms - 76 
[HTTP] --> POST /wd/hub/session/6d28dc6e-8969-495c-9f05-2f1e2144267d/element {"using":"-android uiautomator","value":"new UiScrollable(new UiSelector().resourceId(\"com.climate.farmrise:id/action_bar_root\")).setMaxSearchSwipes(3).scrollIntoView(new UiSelector().text(\"Load More schemes\"))"}
[debug] [MJSONWP] Calling AppiumDriver.findElement() with args: ["-android uiautomator","new UiScrollable(new UiSelector().resourceId(\"com.climate.farmrise:id/action_bar_root\")).setMaxSearchSwipes(3).scrollIntoView(new UiSelector().text(\"Load More schemes\"))","6d28dc6e-8969-495c-9f05-2f1e2144267d"]
[debug] [BaseDriver] Valid locator strategies for this request: xpath, id, class name, accessibility id, -android uiautomator
[debug] [BaseDriver] Valid locator strategies for this request: xpath, id, class name, accessibility id, -android uiautomator
[debug] [BaseDriver] Waiting up to 80000 ms for condition
[debug] [AndroidBootstrap] Sending command to android: {"cmd":"action","action":"find","params":{"strategy":"-android uiautomator","selector":"new UiScrollable(new UiSelector().resourceId(\"com.climate.farmrise:id/action_bar_root\")).setMaxSearchSwipes(3).scrollIntoView(new UiSelector().text(\"Load More schemes\"))","context":"","multiple":false}}
[debug] [AndroidBootstrap] [BOOTSTRAP LOG] [debug] Got data from client: {"cmd":"action","action":"find","params":{"strategy":"-android uiautomator","selector":"new UiScrollable(new UiSelector().resourceId(\"com.climate.farmrise:id/action_bar_root\")).setMaxSearchSwipes(3).scrollIntoView(new UiSelector().text(\"Load More schemes\"))","context":"","multiple":false}}
[debug] [AndroidBootstrap] [BOOTSTRAP LOG] [debug] Got command of type ACTION
[debug] [AndroidBootstrap] [BOOTSTRAP LOG] [debug] Got command action: find
[debug] [AndroidBootstrap] [BOOTSTRAP LOG] [debug] Finding 'new UiScrollable(new UiSelector().resourceId("com.climate.farmrise:id/action_bar_root")).setMaxSearchSwipes(3).scrollIntoView(new UiSelector().text("Load More schemes"))' using 'ANDROID_UIAUTOMATOR' with the contextId: '' multiple: false
[debug] [AndroidBootstrap] [BOOTSTRAP LOG] [debug] Parsing scrollable: new UiScrollable(new UiSelector().resourceId("com.climate.farmrise:id/action_bar_root")).setMaxSearchSwipes(3).scrollIntoView(new UiSelector().text("Load More schemes"))
[debug] [AndroidBootstrap] [BOOTSTRAP LOG] [debug] UiSelector coerce type: class java.lang.String arg: "com.climate.farmrise:id/action_bar_root"
[debug] [AndroidBootstrap] [BOOTSTRAP LOG] [debug] UiScrollable invoking method: public com.android.uiautomator.core.UiScrollable com.android.uiautomator.core.UiScrollable.setMaxSearchSwipes(int) args: 3,
[debug] [AndroidBootstrap] [BOOTSTRAP LOG] [debug] UiScrollable coerce type: int arg: 3
[debug] [AndroidBootstrap] [BOOTSTRAP LOG] [debug] Method name: setMaxSearchSwipes
[debug] [AndroidBootstrap] [BOOTSTRAP LOG] [debug] UiScrollable invoking method: public boolean com.android.uiautomator.core.UiScrollable.scrollIntoView(com.android.uiautomator.core.UiObject) throws com.android.uiautomator.core.UiObjectNotFoundException args: new UiSelector().text("Load More schemes"),
[debug] [AndroidBootstrap] [BOOTSTRAP LOG] [debug] UiScrollable coerce type: class com.android.uiautomator.core.UiObject arg: new UiSelector().text("Load More schemes")
[debug] [AndroidBootstrap] [BOOTSTRAP LOG] [debug] UiSelector coerce type: class java.lang.String arg: "Load More schemes"
[debug] [AndroidBootstrap] [BOOTSTRAP LOG] [debug] Method name: scrollIntoView
[debug] [AndroidBootstrap] [BOOTSTRAP LOG] [debug] Setting uiObject for scrollIntoView
[debug] [AndroidBootstrap] [BOOTSTRAP LOG] [debug] Invoking method: public boolean com.android.uiautomator.core.UiScrollable.scrollIntoView(com.android.uiautomator.core.UiObject) throws com.android.uiautomator.core.UiObjectNotFoundException with: com.android.uiautomator.core.UiObject@a0d9c47
[debug] [AndroidBootstrap] [BOOTSTRAP LOG] [debug] Invoke complete.
[debug] [AndroidBootstrap] [BOOTSTRAP LOG] [debug] Using: UiSelector[TEXT=Load More schemes]
[debug] [AndroidBootstrap] [BOOTSTRAP LOG] [debug] Failed to locate element. Clearing Accessibility cache and retrying.
[debug] [AndroidBootstrap] [BOOTSTRAP LOG] [debug] Finding 'new UiScrollable(new UiSelector().resourceId("com.climate.farmrise:id/action_bar_root")).setMaxSearchSwipes(3).scrollIntoView(new UiSelector().text("Load More schemes"))' using 'ANDROID_UIAUTOMATOR' with the contextId: '' multiple: false
[debug] [AndroidBootstrap] [BOOTSTRAP LOG] [debug] Parsing scrollable: new UiScrollable(new UiSelector().resourceId("com.climate.farmrise:id/action_bar_root")).setMaxSearchSwipes(3).scrollIntoView(new UiSelector().text("Load More schemes"))
[debug] [AndroidBootstrap] [BOOTSTRAP LOG] [debug] UiSelector coerce type: class java.lang.String arg: "com.climate.farmrise:id/action_bar_root"
[debug] [AndroidBootstrap] [BOOTSTRAP LOG] [debug] UiScrollable invoking method: public com.android.uiautomator.core.UiScrollable com.android.uiautomator.core.UiScrollable.setMaxSearchSwipes(int) args: 3,
[debug] [AndroidBootstrap] [UIAUTO STDOUT] [APPIUM-UIAUTO] [debug] UiScrollable coerce type: int arg: 3[/AP
[debug] [AndroidBootstrap] [UIAUTO STDOUT] PIUM-UIAUTO]
[debug] [AndroidBootstrap] [BOOTSTRAP LOG] [debug] Method name: setMaxSearchSwipes
[debug] [AndroidBootstrap] [BOOTSTRAP LOG] [debug] UiScrollable invoking method: public boolean com.android.uiautomator.core.UiScrollable.scrollIntoView(com.android.uiautomator.core.UiObject) throws com.android.uiautomator.core.UiObjectNotFoundException args: new UiSelector().text("Load More schemes"),
[debug] [AndroidBootstrap] [BOOTSTRAP LOG] [debug] UiScrollable coerce type: class com.android.uiautomator.core.UiObject arg: new UiSelector().text("Load More schemes")
[debug] [AndroidBootstrap] [BOOTSTRAP LOG] [debug] UiSelector coerce type: class java.lang.String arg: "Load More schemes"
[debug] [AndroidBootstrap] [BOOTSTRAP LOG] [debug] Method name: scrollIntoView
[debug] [AndroidBootstrap] [BOOTSTRAP LOG] [debug] Setting uiObject for scrollIntoView
[debug] [AndroidBootstrap] [BOOTSTRAP LOG] [debug] Invoking method: public boolean com.android.uiautomator.core.UiScrollable.scrollIntoView(com.android.uiautomator.core.UiObject) throws com.android.uiautomator.core.UiObjectNotFoundException with: com.android.uiautomator.core.UiObject@3535c74
[debug] [AndroidBootstrap] [BOOTSTRAP LOG] [debug] Invoke complete.
[debug] [AndroidBootstrap] [BOOTSTRAP LOG] [debug] Using: UiSelector[TEXT=Load More schemes]
[debug] [AndroidBootstrap] [BOOTSTRAP LOG] [debug] Returning result: {"status":7,"value":"No element found"}
[debug] [AndroidBootstrap] Received command result from bootstrap
[debug] [BaseDriver] Waited for 6319 ms so far
[debug] [AndroidBootstrap] Sending command to android: {"cmd":"action","action":"find","params":{"strategy":"-android uiautomator","selector":"new UiScrollable(new UiSelector().resourceId(\"com.climate.farmrise:id/action_bar_root\")).setMaxSearchSwipes(3).scrollIntoView(new UiSelector().text(\"Load More schemes\"))","context":"","multiple":false}}
[debug] [AndroidBootstrap] [BOOTSTRAP LOG] [debug] Got data from client: {"cmd":"action","action":"find","params":{"strategy":"-android uiautomator","selector":"new UiScrollable(new UiSelector().resourceId(\"com.climate.farmrise:id/action_bar_root\")).setMaxSearchSwipes(3).scrollIntoView(new UiSelector().text(\"Load More schemes\"))","context":"","multiple":false}}
[debug] [AndroidBootstrap] [BOOTSTRAP LOG] [debug] Got command of type ACTION
[debug] [AndroidBootstrap] [BOOTSTRAP LOG] [debug] Got command action: find
[debug] [AndroidBootstrap] [BOOTSTRAP LOG] [debug] Finding 'new UiScrollable(new UiSelector().resourceId("com.climate.farmrise:id/action_bar_root")).setMaxSearchSwipes(3).scrollIntoView(new UiSelector().text("Load More schemes"))' using 'ANDROID_UIAUTOMATOR' with the contextId: '' multiple: false
[debug] [AndroidBootstrap] [BOOTSTRAP LOG] [debug] Parsing scrollable: new UiScrollable(new UiSelector().resourceId("com.climate.farmrise:id/action_bar_root")).setMaxSearchSwipes(3).scrollIntoView(new UiSelector().text("Load More schemes"))
[debug] [AndroidBootstrap] [BOOTSTRAP LOG] [debug] UiSelector coerce type: class java.lang.String arg: "com.climate.farmrise:id/action_bar_root"
[debug] [AndroidBootstrap] [BOOTSTRAP LOG] [debug] UiScrollable invoking method: public com.android.uiautomator.core.UiScrollable com.android.uiautomator.core.UiScrollable.setMaxSearchSwipes(int) args: 3,
[debug] [AndroidBootstrap] [BOOTSTRAP LOG] [debug] UiScrollable coerce type: int arg: 3
[debug] [AndroidBootstrap] [BOOTSTRAP LOG] [debug] Method name: setMaxSearchSwipes
[debug] [AndroidBootstrap] [BOOTSTRAP LOG] [debug] UiScrollable invoking method: public boolean com.android.uiautomator.core.UiScrollable.scrollIntoView(com.android.uiautomator.core.UiObject) throws com.android.uiautomator.core.UiObjectNotFoundException args: new UiSelector().text("Load More schemes"),
[debug] [AndroidBootstrap] [BOOTSTRAP LOG] [debug] UiScrollable coerce type: class com.android.uiautomator.core.UiObject arg: new UiSelector().text("Load More schemes")
[debug] [AndroidBootstrap] [BOOTSTRAP LOG] [debug] UiSelector coerce type: class java.lang.String arg: "Load More schemes"
[debug] [AndroidBootstrap] [BOOTSTRAP LOG] [debug] Method name: scrollIntoView
[debug] [AndroidBootstrap] [BOOTSTRAP LOG] [debug] Setting uiObject for scrollIntoView
[debug] [AndroidBootstrap] [BOOTSTRAP LOG] [debug] Invoking method: public boolean com.android.uiautomator.core.UiScrollable.scrollIntoView(com.android.uiautomator.core.UiObject) throws com.android.uiautomator.core.UiObjectNotFoundException with: com.android.uiautomator.core.UiObject@661e59d
[debug] [AndroidBootstrap] [BOOTSTRAP LOG] [debug] Invoke complete.
[debug] [AndroidBootstrap] [BOOTSTRAP LOG] [debug] Using: UiSelector[TEXT=Load More schemes]
[debug] [AndroidBootstrap] [BOOTSTRAP LOG] [debug] Failed to locate element. Clearing Accessibility cache and retrying.
[debug] [AndroidBootstrap] [BOOTSTRAP LOG] [debug] Finding 'new UiScrollable(new UiSelector().resourceId("com.climate.farmrise:id/action_bar_root")).setMaxSearchSwipes(3).scrollIntoView(new UiSelector().text("Load More schemes"))' using 'ANDROID_UIAUTOMATOR' with the contextId: '' multiple: false
[debug] [AndroidBootstrap] [BOOTSTRAP LOG] [debug] Parsing scrollable: new UiScrollable(new UiSelector().resourceId("com.climate.farmrise:id/action_bar_root")).setMaxSearchSwipes(3).scrollIntoView(new UiSelector().text("Load More schemes"))
[debug] [AndroidBootstrap] [BOOTSTRAP LOG] [debug] UiSelector coerce type: class java.lang.String arg: "com.climate.farmrise:id/action_bar_root"
[debug] [AndroidBootstrap] [BOOTSTRAP LOG] [debug] UiScrollable invoking method: public com.android.uiautomator.core.UiScrollable com.android.uiautomator.core.UiScrollable.setMaxSearchSwipes(int) args: 3,
[debug] [AndroidBootstrap] [BOOTSTRAP LOG] [debug] UiScrollable coerce type: int arg: 3
[debug] [AndroidBootstrap] [BOOTSTRAP LOG] [debug] Method name: setMaxSearchSwipes
[debug] [AndroidBootstrap] [BOOTSTRAP LOG] [debug] UiScrollable invoking method: public boolean com.android.uiautomator.core.UiScrollable.scrollIntoView(com.android.uiautomator.core.UiObject) throws com.android.uiautomator.core.UiObjectNotFoundException args: new UiSelector().text("Load More schemes"),
[debug] [AndroidBootstrap] [BOOTSTRAP LOG] [debug] UiScrollable coerce type: class com.android.uiautomator.core.UiObject arg: new UiSelector().text("Load More schemes")
[debug] [AndroidBootstrap] [BOOTSTRAP LOG] [debug] UiSelector coerce type: class java.lang.String arg: "Load More schemes"
[debug] [AndroidBootstrap] [BOOTSTRAP LOG] [debug] Method name: scrollIntoView
[debug] [AndroidBootstrap] [BOOTSTRAP LOG] [debug] Setting uiObject for scrollIntoView
[debug] [AndroidBootstrap] [BOOTSTRAP LOG] [debug] Invoking method: public boolean com.android.uiautomator.core.UiScrollable.scrollIntoView(com.android.uiautomator.core.UiObject) throws com.android.uiautomator.core.UiObjectNotFoundException with: com.android.uiautomator.core.UiObject@12ca12
[debug] [AndroidBootstrap] [BOOTSTRAP LOG] [debug] Invoke complete.
[debug] [AndroidBootstrap] [BOOTSTRAP LOG] [debug] Using: UiSelector[TEXT=Load More schemes]
[debug] [AndroidBootstrap] [BOOTSTRAP LOG] [debug] Returning result: {"status":7,"value":"No element found"}
[debug] [AndroidBootstrap] Received command result from bootstrap
[debug] [BaseDriver] Waited for 13332 ms so far
[debug] [AndroidBootstrap] Sending command to android: {"cmd":"action","action":"find","params":{"strategy":"-android uiautomator","selector":"new UiScrollable(new UiSelector().resourceId(\"com.climate.farmrise:id/action_bar_root\")).setMaxSearchSwipes(3).scrollIntoView(new UiSelector().text(\"Load More schemes\"))","context":"","multiple":false}}
[debug] [AndroidBootstrap] [BOOTSTRAP LOG] [debug] Got data from client: {"cmd":"action","action":"find","params":{"strategy":"-android uiautomator","selector":"new UiScrollable(new UiSelector().resourceId(\"com.climate.farmrise:id/action_bar_root\")).setMaxSearchSwipes(3).scrollIntoView(new UiSelector().text(\"Load More schemes\"))","context":"","multiple":false}}
[debug] [AndroidBootstrap] [BOOTSTRAP LOG] [debug] Got command of type ACTION
[debug] [AndroidBootstrap] [BOOTSTRAP LOG] [debug] Got command action: find
[debug] [AndroidBootstrap] [BOOTSTRAP LOG] [debug] Finding 'new UiScrollable(new UiSelector().resourceId("com.climate.farmrise:id/action_bar_root")).setMaxSearchSwipes(3).scrollIntoView(new UiSelector().text("Load More schemes"))' using 'ANDROID_UIAUTOMATOR' with the contextId: '' multiple: false
[debug] [AndroidBootstrap] [BOOTSTRAP LOG] [debug] Parsing scrollable: new UiScrollable(new UiSelector().resourceId("com.climate.farmrise:id/action_bar_root")).setMaxSearchSwipes(3).scrollIntoView(new UiSelector().text("Load More schemes"))
[debug] [AndroidBootstrap] [BOOTSTRAP LOG] [debug] UiSelector coerce type: class java.lang.String arg: "com.climate.farmrise:id/action_bar_root"
[debug] [AndroidBootstrap] [BOOTSTRAP LOG] [debug] UiScrollable invoking method: public com.android.uiautomator.core.UiScrollable com.android.uiautomator.core.UiScrollable.setMaxSearchSwipes(int) args: 3,
[debug] [AndroidBootstrap] [BOOTSTRAP LOG] [debug] UiScrollable coerce type: int arg: 3
[debug] [AndroidBootstrap] [BOOTSTRAP LOG] [debug] Method name: setMaxSearchSwipes
[debug] [AndroidBootstrap] [BOOTSTRAP LOG] [debug] UiScrollable invoking method: public boolean com.android.uiautomator.core.UiScrollable.scrollIntoView(com.android.uiautomator.core.UiObject) throws com.android.uiautomator.core.UiObjectNotFoundException args: new UiSelector().text("Load More schemes"),
[debug] [AndroidBootstrap] [BOOTSTRAP LOG] [debug] UiScrollable coerce type: class com.android.uiautomator.core.UiObject arg: new UiSelector().text("Load More schemes")
[debug] [AndroidBootstrap] [BOOTSTRAP LOG] [debug] UiSelector coerce type: class java.lang.String arg: "Load More schemes"
[debug] [AndroidBootstrap] [BOOTSTRAP LOG] [debug] Method name: scrollIntoView
[debug] [AndroidBootstrap] [BOOTSTRAP LOG] [debug] Setting uiObject for scrollIntoView
[debug] [AndroidBootstrap] [BOOTSTRAP LOG] [debug] Invoking method: public boolean com.android.uiautomator.core.UiScrollable.scrollIntoView(com.android.uiautomator.core.UiObject) throws com.android.uiautomator.core.UiObjectNotFoundException with: com.android.uiautomator.core.UiObject@d7db5e3
[debug] [AndroidBootstrap] [BOOTSTRAP LOG] [debug] Invoke complete.
[debug] [AndroidBootstrap] [BOOTSTRAP LOG] [debug] Using: UiSelector[TEXT=Load More schemes]
[debug] [AndroidBootstrap] [BOOTSTRAP LOG] [debug] Failed to locate element. Clearing Accessibility cache and retrying.
[debug] [AndroidBootstrap] [BOOTSTRAP LOG] [debug] Finding 'new UiScrollable(new UiSelector().resourceId("com.climate.farmrise:id/action_bar_root")).setMaxSearchSwipes(3).scrollIntoView(new UiSelector().text("Load More schemes"))' using 'ANDROID_UIAUTOMATOR' with the contextId: '' multiple: false
[debug] [AndroidBootstrap] [BOOTSTRAP LOG] [debug] Parsing scrollable: new UiScrollable(new UiSelector().resourceId("com.climate.farmrise:id/action_bar_root")).setMaxSearchSwipes(3).scrollIntoView(new UiSelector().text("Load More schemes"))
[debug] [AndroidBootstrap] [BOOTSTRAP LOG] [debug] UiSelector coerce type: class java.lang.String arg: "com.climate.farmrise:id/action_bar_root"
[debug] [AndroidBootstrap] [BOOTSTRAP LOG] [debug] UiScrollable invoking method: public com.android.uiautomator.core.UiScrollable com.android.uiautomator.core.UiScrollable.setMaxSearchSwipes(int) args: 3,
[debug] [AndroidBootstrap] [BOOTSTRAP LOG] [debug] UiScrollable coerce type: int arg: 3
[debug] [AndroidBootstrap] [BOOTSTRAP LOG] [debug] Method name: setMaxSearchSwipes
[debug] [AndroidBootstrap] [BOOTSTRAP LOG] [debug] UiScrollable invoking method: public boolean com.android.uiautomator.core.UiScrollable.scrollIntoView(com.android.uiautomator.core.UiObject) throws com.android.uiautomator.core.UiObjectNotFoundException args: new UiSelector().text("Load More schemes"),
[debug] [AndroidBootstrap] [BOOTSTRAP LOG] [debug] UiScrollable coerce type: class com.android.uiautomator.core.UiObject arg: new UiSelector().text("Load More schemes")
[debug] [AndroidBootstrap] [BOOTSTRAP LOG] [debug] UiSelector coerce type: class java.lang.String arg: "Load More schemes"
[debug] [AndroidBootstrap] [BOOTSTRAP LOG] [debug] Method name: scrollIntoView
[debug] [AndroidBootstrap] [BOOTSTRAP LOG] [debug] Setting uiObject for scrollIntoView
[debug] [AndroidBootstrap] [BOOTSTRAP LOG] [debug] Invoking method: public boolean com.android.uiautomator.core.UiScrollable.scrollIntoView(com.android.uiautomator.core.UiObject) throws com.android.uiautomator.core.UiObjectNotFoundException with: com.android.uiautomator.core.UiObject@c83cbe0
[debug] [AndroidBootstrap] [BOOTSTRAP LOG] [debug] Invoke complete.
[debug] [AndroidBootstrap] [BOOTSTRAP LOG] [debug] Using: UiSelector[TEXT=Load More schemes]
[debug] [AndroidBootstrap] [BOOTSTRAP LOG] [debug] Returning result: {"status":7,"value":"No element found"}
[debug] [AndroidBootstrap] Received command result from bootstrap
[debug] [BaseDriver] Waited for 20280 ms so far
[debug] [AndroidBootstrap] Sending command to android: {"cmd":"action","action":"find","params":{"strategy":"-android uiautomator","selector":"new UiScrollable(new UiSelector().resourceId(\"com.climate.farmrise:id/action_bar_root\")).setMaxSearchSwipes(3).scrollIntoView(new UiSelector().text(\"Load More schemes\"))","context":"","multiple":false}}
[debug] [AndroidBootstrap] [BOOTSTRAP LOG] [debug] Got data from client: {"cmd":"action","action":"find","params":{"strategy":"-android uiautomator","selector":"new UiScrollable(new UiSelector().resourceId(\"com.climate.farmrise:id/action_bar_root\")).setMaxSearchSwipes(3).scrollIntoView(new UiSelector().text(\"Load More schemes\"))","context":"","multiple":false}}
[debug] [AndroidBootstrap] [BOOTSTRAP LOG] [debug] Got command of type ACTION
[debug] [AndroidBootstrap] [BOOTSTRAP LOG] [debug] Got command action: find
[debug] [AndroidBootstrap] [BOOTSTRAP LOG] [debug] Finding 'new UiScrollable(new UiSelector().resourceId("com.climate.farmrise:id/action_bar_root")).setMaxSearchSwipes(3).scrollIntoView(new UiSelector().text("Load More schemes"))' using 'ANDROID_UIAUTOMATOR' with the contextId: '' multiple: false
[debug] [AndroidBootstrap] [BOOTSTRAP LOG] [debug] Parsing scrollable: new UiScrollable(new UiSelector().resourceId("com.climate.farmrise:id/action_bar_root")).setMaxSearchSwipes(3).scrollIntoView(new UiSelector().text("Load More schemes"))
[debug] [AndroidBootstrap] [BOOTSTRAP LOG] [debug] UiSelector coerce type: class java.lang.String arg: "com.climate.farmrise:id/action_bar_root"
[debug] [AndroidBootstrap] [BOOTSTRAP LOG] [debug] UiScrollable invoking method: public com.android.uiautomator.core.UiScrollable com.android.uiautomator.core.UiScrollable.setMaxSearchSwipes(int) args: 3,
[debug] [AndroidBootstrap] [BOOTSTRAP LOG] [debug] UiScrollable coerce type: int arg: 3
[debug] [AndroidBootstrap] [BOOTSTRAP LOG] [debug] Method name: setMaxSearchSwipes
[debug] [AndroidBootstrap] [BOOTSTRAP LOG] [debug] UiScrollable invoking method: public boolean com.android.uiautomator.core.UiScrollable.scrollIntoView(com.android.uiautomator.core.UiObject) throws com.android.uiautomator.core.UiObjectNotFoundException args: new UiSelector().text("Load More schemes"),
[debug] [AndroidBootstrap] [BOOTSTRAP LOG] [debug] UiScrollable coerce type: class com.android.uiautomator.core.UiObject arg: new UiSelector().text("Load More schemes")
[debug] [AndroidBootstrap] [BOOTSTRAP LOG] [debug] UiSelector coerce type: class java.lang.String arg: "Load More schemes"
[debug] [AndroidBootstrap] [BOOTSTRAP LOG] [debug] Method name: scrollIntoView
[debug] [AndroidBootstrap] [BOOTSTRAP LOG] [debug] Setting uiObject for scrollIntoView
[debug] [AndroidBootstrap] [BOOTSTRAP LOG] [debug] Invoking method: public boolean com.android.uiautomator.core.UiScrollable.scrollIntoView(com.android.uiautomator.core.UiObject) throws com.android.uiautomator.core.UiObjectNotFoundException with: com.android.uiautomator.core.UiObject@b7c3e99
[debug] [AndroidBootstrap] [BOOTSTRAP LOG] [debug] Invoke complete.
[debug] [AndroidBootstrap] [BOOTSTRAP LOG] [debug] Using: UiSelector[TEXT=Load More schemes]
[debug] [AndroidBootstrap] [BOOTSTRAP LOG] [debug] Failed to locate element. Clearing Accessibility cache and retrying.
[debug] [AndroidBootstrap] [BOOTSTRAP LOG] [debug] Finding 'new UiScrollable(new UiSelector().resourceId("com.climate.farmrise:id/action_bar_root")).setMaxSearchSwipes(3).scrollIntoView(new UiSelector().text("Load More schemes"))' using 'ANDROID_UIAUTOMATOR' with the contextId: '' multiple: false
[debug] [AndroidBootstrap] [BOOTSTRAP LOG] [debug] Parsing scrollable: new UiScrollable(new UiSelector().resourceId("com.climate.farmrise:id/action_bar_root")).setMaxSearchSwipes(3).scrollIntoView(new UiSelector().text("Load More schemes"))
[debug] [AndroidBootstrap] [BOOTSTRAP LOG] [debug] UiSelector coerce type: class java.lang.String arg: "com.climate.farmrise:id/action_bar_root"
[debug] [AndroidBootstrap] [BOOTSTRAP LOG] [debug] UiScrollable invoking method: public com.android.uiautomator.core.UiScrollable com.android.uiautomator.core.UiScrollable.setMaxSearchSwipes(int) args: 3,
[debug] [AndroidBootstrap] [UIAUTO STDOUT] [APPIUM-UIAUTO] [debug] UiScrollable coerce type: int arg: 3[/AP
[debug] [AndroidBootstrap] [UIAUTO STDOUT] PIUM-UIAUTO]
[debug] [AndroidBootstrap] [BOOTSTRAP LOG] [debug] Method name: setMaxSearchSwipes
[debug] [AndroidBootstrap] [BOOTSTRAP LOG] [debug] UiScrollable invoking method: public boolean com.android.uiautomator.core.UiScrollable.scrollIntoView(com.android.uiautomator.core.UiObject) throws com.android.uiautomator.core.UiObjectNotFoundException args: new UiSelector().text("Load More schemes"),
[debug] [AndroidBootstrap] [BOOTSTRAP LOG] [debug] UiScrollable coerce type: class com.android.uiautomator.core.UiObject arg: new UiSelector().text("Load More schemes")
[debug] [AndroidBootstrap] [BOOTSTRAP LOG] [debug] UiSelector coerce type: class java.lang.String arg: "Load More schemes"
[debug] [AndroidBootstrap] [BOOTSTRAP LOG] [debug] Method name: scrollIntoView
[debug] [AndroidBootstrap] [BOOTSTRAP LOG] [debug] Setting uiObject for scrollIntoView
[debug] [AndroidBootstrap] [BOOTSTRAP LOG] [debug] Invoking method: public boolean com.android.uiautomator.core.UiScrollable.scrollIntoView(com.android.uiautomator.core.UiObject) throws com.android.uiautomator.core.UiObjectNotFoundException with: com.android.uiautomator.core.UiObject@24f755e
[debug] [AndroidBootstrap] [BOOTSTRAP LOG] [debug] Invoke complete.
[debug] [AndroidBootstrap] [BOOTSTRAP LOG] [debug] Using: UiSelector[TEXT=Load More schemes]
[debug] [AndroidBootstrap] [BOOTSTRAP LOG] [debug] Returning result: {"status":7,"value":"No element found"}
[debug] [AndroidBootstrap] Received command result from bootstrap
[debug] [BaseDriver] Waited for 27310 ms so far
[debug] [AndroidBootstrap] Sending command to android: {"cmd":"action","action":"find","params":{"strategy":"-android uiautomator","selector":"new UiScrollable(new UiSelector().resourceId(\"com.climate.farmrise:id/action_bar_root\")).setMaxSearchSwipes(3).scrollIntoView(new UiSelector().text(\"Load More schemes\"))","context":"","multiple":false}}
[debug] [AndroidBootstrap] [BOOTSTRAP LOG] [debug] Got data from client: {"cmd":"action","action":"find","params":{"strategy":"-android uiautomator","selector":"new UiScrollable(new UiSelector().resourceId(\"com.climate.farmrise:id/action_bar_root\")).setMaxSearchSwipes(3).scrollIntoView(new UiSelector().text(\"Load More schemes\"))","context":"","multiple":false}}
[debug] [AndroidBootstrap] [BOOTSTRAP LOG] [debug] Got command of type ACTION
[debug] [AndroidBootstrap] [BOOTSTRAP LOG] [debug] Got command action: find
[debug] [AndroidBootstrap] [BOOTSTRAP LOG] [debug] Finding 'new UiScrollable(new UiSelector().resourceId("com.climate.farmrise:id/action_bar_root")).setMaxSearchSwipes(3).scrollIntoView(new UiSelector().text("Load More schemes"))' using 'ANDROID_UIAUTOMATOR' with the contextId: '' multiple: false
[debug] [AndroidBootstrap] [BOOTSTRAP LOG] [debug] Parsing scrollable: new UiScrollable(new UiSelector().resourceId("com.climate.farmrise:id/action_bar_root")).setMaxSearchSwipes(3).scrollIntoView(new UiSelector().text("Load More schemes"))
[debug] [AndroidBootstrap] [BOOTSTRAP LOG] [debug] UiSelector coerce type: class java.lang.String arg: "com.climate.farmrise:id/action_bar_root"
[debug] [AndroidBootstrap] [BOOTSTRAP LOG] [debug] UiScrollable invoking method: public com.android.uiautomator.core.UiScrollable com.android.uiautomator.core.UiScrollable.setMaxSearchSwipes(int) args: 3,
[debug] [AndroidBootstrap] [BOOTSTRAP LOG] [debug] UiScrollable coerce type: int arg: 3
[debug] [AndroidBootstrap] [BOOTSTRAP LOG] [debug] Method name: setMaxSearchSwipes
[debug] [AndroidBootstrap] [BOOTSTRAP LOG] [debug] UiScrollable invoking method: public boolean com.android.uiautomator.core.UiScrollable.scrollIntoView(com.android.uiautomator.core.UiObject) throws com.android.uiautomator.core.UiObjectNotFoundException args: new UiSelector().text("Load More schemes"),
[debug] [AndroidBootstrap] [BOOTSTRAP LOG] [debug] UiScrollable coerce type: class com.android.uiautomator.core.UiObject arg: new UiSelector().text("Load More schemes")
[debug] [AndroidBootstrap] [BOOTSTRAP LOG] [debug] UiSelector coerce type: class java.lang.String arg: "Load More schemes"
[debug] [AndroidBootstrap] [BOOTSTRAP LOG] [debug] Method name: scrollIntoView
[debug] [AndroidBootstrap] [BOOTSTRAP LOG] [debug] Setting uiObject for scrollIntoView
[debug] [AndroidBootstrap] [BOOTSTRAP LOG] [debug] Invoking method: public boolean com.android.uiautomator.core.UiScrollable.scrollIntoView(com.android.uiautomator.core.UiObject) throws com.android.uiautomator.core.UiObjectNotFoundException with: com.android.uiautomator.core.UiObject@64bcd3f
[debug] [AndroidBootstrap] [BOOTSTRAP LOG] [debug] Invoke complete.
[debug] [AndroidBootstrap] [BOOTSTRAP LOG] [debug] Using: UiSelector[TEXT=Load More schemes]
[debug] [AndroidBootstrap] [BOOTSTRAP LOG] [debug] Failed to locate element. Clearing Accessibility cache and retrying.
[debug] [AndroidBootstrap] [BOOTSTRAP LOG] [debug] Finding 'new UiScrollable(new UiSelector().resourceId("com.climate.farmrise:id/action_bar_root")).setMaxSearchSwipes(3).scrollIntoView(new UiSelector().text("Load More schemes"))' using 'ANDROID_UIAUTOMATOR' with the contextId: '' multiple: false
[debug] [AndroidBootstrap] [BOOTSTRAP LOG] [debug] Parsing scrollable: new UiScrollable(new UiSelector().resourceId("com.climate.farmrise:id/action_bar_root")).setMaxSearchSwipes(3).scrollIntoView(new UiSelector().text("Load More schemes"))
[debug] [AndroidBootstrap] [BOOTSTRAP LOG] [debug] UiSelector coerce type: class java.lang.String arg: "com.climate.farmrise:id/action_bar_root"
[debug] [AndroidBootstrap] [BOOTSTRAP LOG] [debug] UiScrollable invoking method: public com.android.uiautomator.core.UiScrollable com.android.uiautomator.core.UiScrollable.setMaxSearchSwipes(int) args: 3,
[debug] [AndroidBootstrap] [BOOTSTRAP LOG] [debug] UiScrollable coerce type: int arg: 3
[debug] [AndroidBootstrap] [BOOTSTRAP LOG] [debug] Method name: setMaxSearchSwipes
[debug] [AndroidBootstrap] [BOOTSTRAP LOG] [debug] UiScrollable invoking method: public boolean com.android.uiautomator.core.UiScrollable.scrollIntoView(com.android.uiautomator.core.UiObject) throws com.android.uiautomator.core.UiObjectNotFoundException args: new UiSelector().text("Load More schemes"),
[debug] [AndroidBootstrap] [BOOTSTRAP LOG] [debug] UiScrollable coerce type: class com.android.uiautomator.core.UiObject arg: new UiSelector().text("Load More schemes")
[debug] [AndroidBootstrap] [BOOTSTRAP LOG] [debug] UiSelector coerce type: class java.lang.String arg: "Load More schemes"
[debug] [AndroidBootstrap] [BOOTSTRAP LOG] [debug] Method name: scrollIntoView
[debug] [AndroidBootstrap] [BOOTSTRAP LOG] [debug] Setting uiObject for scrollIntoView
[debug] [AndroidBootstrap] [BOOTSTRAP LOG] [debug] Invoking method: public boolean com.android.uiautomator.core.UiScrollable.scrollIntoView(com.android.uiautomator.core.UiObject) throws com.android.uiautomator.core.UiObjectNotFoundException with: com.android.uiautomator.core.UiObject@489c60c
[debug] [AndroidBootstrap] [BOOTSTRAP LOG] [debug] Invoke complete.
[debug] [AndroidBootstrap] [BOOTSTRAP LOG] [debug] Using: UiSelector[TEXT=Load More schemes]
[debug] [AndroidBootstrap] [BOOTSTRAP LOG] [debug] Returning result: {"status":7,"value":"No element found"}
[debug] [AndroidBootstrap] Received command result from bootstrap
[debug] [BaseDriver] Waited for 34040 ms so far
[debug] [AndroidBootstrap] Sending command to android: {"cmd":"action","action":"find","params":{"strategy":"-android uiautomator","selector":"new UiScrollable(new UiSelector().resourceId(\"com.climate.farmrise:id/action_bar_root\")).setMaxSearchSwipes(3).scrollIntoView(new UiSelector().text(\"Load More schemes\"))","context":"","multiple":false}}
[debug] [AndroidBootstrap] [BOOTSTRAP LOG] [debug] Got data from client: {"cmd":"action","action":"find","params":{"strategy":"-android uiautomator","selector":"new UiScrollable(new UiSelector().resourceId(\"com.climate.farmrise:id/action_bar_root\")).setMaxSearchSwipes(3).scrollIntoView(new UiSelector().text(\"Load More schemes\"))","context":"","multiple":false}}
[debug] [AndroidBootstrap] [BOOTSTRAP LOG] [debug] Got command of type ACTION
[debug] [AndroidBootstrap] [BOOTSTRAP LOG] [debug] Got command action: find
[debug] [AndroidBootstrap] [BOOTSTRAP LOG] [debug] Finding 'new UiScrollable(new UiSelector().resourceId("com.climate.farmrise:id/action_bar_root")).setMaxSearchSwipes(3).scrollIntoView(new UiSelector().text("Load More schemes"))' using 'ANDROID_UIAUTOMATOR' with the contextId: '' multiple: false
[debug] [AndroidBootstrap] [BOOTSTRAP LOG] [debug] Parsing scrollable: new UiScrollable(new UiSelector().resourceId("com.climate.farmrise:id/action_bar_root")).setMaxSearchSwipes(3).scrollIntoView(new UiSelector().text("Load More schemes"))
[debug] [AndroidBootstrap] [BOOTSTRAP LOG] [debug] UiSelector coerce type: class java.lang.String arg: "com.climate.farmrise:id/action_bar_root"
[debug] [AndroidBootstrap] [BOOTSTRAP LOG] [debug] UiScrollable invoking method: public com.android.uiautomator.core.UiScrollable com.android.uiautomator.core.UiScrollable.setMaxSearchSwipes(int) args: 3,
[debug] [AndroidBootstrap] [BOOTSTRAP LOG] [debug] UiScrollable coerce type: int arg: 3
[debug] [AndroidBootstrap] [BOOTSTRAP LOG] [debug] Method name: setMaxSearchSwipes
[debug] [AndroidBootstrap] [BOOTSTRAP LOG] [debug] UiScrollable invoking method: public boolean com.android.uiautomator.core.UiScrollable.scrollIntoView(com.android.uiautomator.core.UiObject) throws com.android.uiautomator.core.UiObjectNotFoundException args: new UiSelector().text("Load More schemes"),
[debug] [AndroidBootstrap] [BOOTSTRAP LOG] [debug] UiScrollable coerce type: class com.android.uiautomator.core.UiObject arg: new UiSelector().text("Load More schemes")
[debug] [AndroidBootstrap] [BOOTSTRAP LOG] [debug] UiSelector coerce type: class java.lang.String arg: "Load More schemes"
[debug] [AndroidBootstrap] [BOOTSTRAP LOG] [debug] Method name: scrollIntoView
[debug] [AndroidBootstrap] [BOOTSTRAP LOG] [debug] Setting uiObject for scrollIntoView
[debug] [AndroidBootstrap] [BOOTSTRAP LOG] [debug] Invoking method: public boolean com.android.uiautomator.core.UiScrollable.scrollIntoView(com.android.uiautomator.core.UiObject) throws com.android.uiautomator.core.UiObjectNotFoundException with: com.android.uiautomator.core.UiObject@2492b55
[debug] [AndroidBootstrap] [BOOTSTRAP LOG] [debug] Invoke complete.
[debug] [AndroidBootstrap] [BOOTSTRAP LOG] [debug] Using: UiSelector[TEXT=Load More schemes]
[debug] [AndroidBootstrap] [BOOTSTRAP LOG] [debug] Failed to locate element. Clearing Accessibility cache and retrying.
[debug] [AndroidBootstrap] [BOOTSTRAP LOG] [debug] Finding 'new UiScrollable(new UiSelector().resourceId("com.climate.farmrise:id/action_bar_root")).setMaxSearchSwipes(3).scrollIntoView(new UiSelector().text("Load More schemes"))' using 'ANDROID_UIAUTOMATOR' with the contextId: '' multiple: false
[debug] [AndroidBootstrap] [BOOTSTRAP LOG] [debug] Parsing scrollable: new UiScrollable(new UiSelector().resourceId("com.climate.farmrise:id/action_bar_root")).setMaxSearchSwipes(3).scrollIntoView(new UiSelector().text("Load More schemes"))
[debug] [AndroidBootstrap] [BOOTSTRAP LOG] [debug] UiSelector coerce type: class java.lang.String arg: "com.climate.farmrise:id/action_bar_root"
[debug] [AndroidBootstrap] [BOOTSTRAP LOG] [debug] UiScrollable invoking method: public com.android.uiautomator.core.UiScrollable com.android.uiautomator.core.UiScrollable.setMaxSearchSwipes(int) args: 3,
[debug] [AndroidBootstrap] [BOOTSTRAP LOG] [debug] UiScrollable coerce type: int arg: 3
[debug] [AndroidBootstrap] [BOOTSTRAP LOG] [debug] Method name: setMaxSearchSwipes
[debug] [AndroidBootstrap] [BOOTSTRAP LOG] [debug] UiScrollable invoking method: public boolean com.android.uiautomator.core.UiScrollable.scrollIntoView(com.android.uiautomator.core.UiObject) throws com.android.uiautomator.core.UiObjectNotFoundException args: new UiSelector().text("Load More schemes"),
[debug] [AndroidBootstrap] [BOOTSTRAP LOG] [debug] UiScrollable coerce type: class com.android.uiautomator.core.UiObject arg: new UiSelector().text("Load More schemes")
[debug] [AndroidBootstrap] [BOOTSTRAP LOG] [debug] UiSelector coerce type: class java.lang.String arg: "Load More schemes"
[debug] [AndroidBootstrap] [BOOTSTRAP LOG] [debug] Method name: scrollIntoView
[debug] [AndroidBootstrap] [BOOTSTRAP LOG] [debug] Setting uiObject for scrollIntoView
[debug] [AndroidBootstrap] [BOOTSTRAP LOG] [debug] Invoking method: public boolean com.android.uiautomator.core.UiScrollable.scrollIntoView(com.android.uiautomator.core.UiObject) throws com.android.uiautomator.core.UiObjectNotFoundException with: com.android.uiautomator.core.UiObject@d19896a
[debug] [AndroidBootstrap] [BOOTSTRAP LOG] [debug] Invoke complete.
[debug] [AndroidBootstrap] [BOOTSTRAP LOG] [debug] Using: UiSelector[TEXT=Load More schemes]
[debug] [AndroidBootstrap] [BOOTSTRAP LOG] [debug] Returning result: {"status":7,"value":"No element found"}
[debug] [AndroidBootstrap] Received command result from bootstrap
[debug] [BaseDriver] Waited for 40906 ms so far
[debug] [AndroidBootstrap] Sending command to android: {"cmd":"action","action":"find","params":{"strategy":"-android uiautomator","selector":"new UiScrollable(new UiSelector().resourceId(\"com.climate.farmrise:id/action_bar_root\")).setMaxSearchSwipes(3).scrollIntoView(new UiSelector().text(\"Load More schemes\"))","context":"","multiple":false}}
[debug] [AndroidBootstrap] [BOOTSTRAP LOG] [debug] Got data from client: {"cmd":"action","action":"find","params":{"strategy":"-android uiautomator","selector":"new UiScrollable(new UiSelector().resourceId(\"com.climate.farmrise:id/action_bar_root\")).setMaxSearchSwipes(3).scrollIntoView(new UiSelector().text(\"Load More schemes\"))","context":"","multiple":false}}
[debug] [AndroidBootstrap] [BOOTSTRAP LOG] [debug] Got command of type ACTION
[debug] [AndroidBootstrap] [BOOTSTRAP LOG] [debug] Got command action: find
[debug] [AndroidBootstrap] [BOOTSTRAP LOG] [debug] Finding 'new UiScrollable(new UiSelector().resourceId("com.climate.farmrise:id/action_bar_root")).setMaxSearchSwipes(3).scrollIntoView(new UiSelector().text("Load More schemes"))' using 'ANDROID_UIAUTOMATOR' with the contextId: '' multiple: false
[debug] [AndroidBootstrap] [BOOTSTRAP LOG] [debug] Parsing scrollable: new UiScrollable(new UiSelector().resourceId("com.climate.farmrise:id/action_bar_root")).setMaxSearchSwipes(3).scrollIntoView(new UiSelector().text("Load More schemes"))
[debug] [AndroidBootstrap] [BOOTSTRAP LOG] [debug] UiSelector coerce type: class java.lang.String arg: "com.climate.farmrise:id/action_bar_root"
[debug] [AndroidBootstrap] [BOOTSTRAP LOG] [debug] UiScrollable invoking method: public com.android.uiautomator.core.UiScrollable com.android.uiautomator.core.UiScrollable.setMaxSearchSwipes(int) args: 3,
[debug] [AndroidBootstrap] [BOOTSTRAP LOG] [debug] UiScrollable coerce type: int arg: 3
[debug] [AndroidBootstrap] [BOOTSTRAP LOG] [debug] Method name: setMaxSearchSwipes
[debug] [AndroidBootstrap] [BOOTSTRAP LOG] [debug] UiScrollable invoking method: public boolean com.android.uiautomator.core.UiScrollable.scrollIntoView(com.android.uiautomator.core.UiObject) throws com.android.uiautomator.core.UiObjectNotFoundException args: new UiSelector().text("Load More schemes"),
[debug] [AndroidBootstrap] [BOOTSTRAP LOG] [debug] UiScrollable coerce type: class com.android.uiautomator.core.UiObject arg: new UiSelector().text("Load More schemes")
[debug] [AndroidBootstrap] [BOOTSTRAP LOG] [debug] UiSelector coerce type: class java.lang.String arg: "Load More schemes"
[debug] [AndroidBootstrap] [BOOTSTRAP LOG] [debug] Method name: scrollIntoView
[debug] [AndroidBootstrap] [BOOTSTRAP LOG] [debug] Setting uiObject for scrollIntoView
[debug] [AndroidBootstrap] [BOOTSTRAP LOG] [debug] Invoking method: public boolean com.android.uiautomator.core.UiScrollable.scrollIntoView(com.android.uiautomator.core.UiObject) throws com.android.uiautomator.core.UiObjectNotFoundException with: com.android.uiautomator.core.UiObject@db9fe5b
[debug] [AndroidBootstrap] [BOOTSTRAP LOG] [debug] Invoke complete.
[debug] [AndroidBootstrap] [BOOTSTRAP LOG] [debug] Using: UiSelector[TEXT=Load More schemes]
[debug] [AndroidBootstrap] [BOOTSTRAP LOG] [debug] Failed to locate element. Clearing Accessibility cache and retrying.
[debug] [AndroidBootstrap] [BOOTSTRAP LOG] [debug] Finding 'new UiScrollable(new UiSelector().resourceId("com.climate.farmrise:id/action_bar_root")).setMaxSearchSwipes(3).scrollIntoView(new UiSelector().text("Load More schemes"))' using 'ANDROID_UIAUTOMATOR' with the contextId: '' multiple: false
[debug] [AndroidBootstrap] [BOOTSTRAP LOG] [debug] Parsing scrollable: new UiScrollable(new UiSelector().resourceId("com.climate.farmrise:id/action_bar_root")).setMaxSearchSwipes(3).scrollIntoView(new UiSelector().text("Load More schemes"))
[debug] [AndroidBootstrap] [BOOTSTRAP LOG] [debug] UiSelector coerce type: class java.lang.String arg: "com.climate.farmrise:id/action_bar_root"
[debug] [AndroidBootstrap] [BOOTSTRAP LOG] [debug] UiScrollable invoking method: public com.android.uiautomator.core.UiScrollable com.android.uiautomator.core.UiScrollable.setMaxSearchSwipes(int) args: 3,
[debug] [AndroidBootstrap] [BOOTSTRAP LOG] [debug] UiScrollable coerce type: int arg: 3
[debug] [AndroidBootstrap] [BOOTSTRAP LOG] [debug] Method name: setMaxSearchSwipes
[debug] [AndroidBootstrap] [UIAUTO STDOUT] [APPIUM-UIAUTO] [debug]
[debug] [AndroidBootstrap] [UIAUTO STDOUT]  UiScrollable invoking method: public boolean com.android.uiautomator.core.UiScrollable.scrollIntoView(com.android.uiautomator.core.UiObject) throws com.android.uiautomator.core.UiObjectNotFoundException args: new UiSelector().text("Load More schemes"), [/APPIUM-UIAUTO]
[debug] [AndroidBootstrap] [BOOTSTRAP LOG] [debug] UiScrollable coerce type: class com.android.uiautomator.core.UiObject arg: new UiSelector().text("Load More schemes")
[debug] [AndroidBootstrap] [BOOTSTRAP LOG] [debug] UiSelector coerce type: class java.lang.String arg: "Load More schemes"
[debug] [AndroidBootstrap] [BOOTSTRAP LOG] [debug] Method name: scrollIntoView
[debug] [AndroidBootstrap] [BOOTSTRAP LOG] [debug] Setting uiObject for scrollIntoView
[debug] [AndroidBootstrap] [BOOTSTRAP LOG] [debug] Invoking method: public boolean com.android.uiautomator.core.UiScrollable.scrollIntoView(com.android.uiautomator.core.UiObject) throws com.android.uiautomator.core.UiObjectNotFoundException with: com.android.uiautomator.core.UiObject@91336f8
[debug] [AndroidBootstrap] [BOOTSTRAP LOG] [debug] Invoke complete.
[debug] [AndroidBootstrap] [BOOTSTRAP LOG] [debug] Using: UiSelector[TEXT=Load More schemes]
[debug] [AndroidBootstrap] [BOOTSTRAP LOG] [debug] Returning result: {"status":7,"value":"No element found"}
[debug] [AndroidBootstrap] Received command result from bootstrap
[debug] [BaseDriver] Waited for 47828 ms so far
[debug] [AndroidBootstrap] Sending command to android: {"cmd":"action","action":"find","params":{"strategy":"-android uiautomator","selector":"new UiScrollable(new UiSelector().resourceId(\"com.climate.farmrise:id/action_bar_root\")).setMaxSearchSwipes(3).scrollIntoView(new UiSelector().text(\"Load More schemes\"))","context":"","multiple":false}}
[debug] [AndroidBootstrap] [BOOTSTRAP LOG] [debug] Got data from client: {"cmd":"action","action":"find","params":{"strategy":"-android uiautomator","selector":"new UiScrollable(new UiSelector().resourceId(\"com.climate.farmrise:id/action_bar_root\")).setMaxSearchSwipes(3).scrollIntoView(new UiSelector().text(\"Load More schemes\"))","context":"","multiple":false}}
[debug] [AndroidBootstrap] [BOOTSTRAP LOG] [debug] Got command of type ACTION
[debug] [AndroidBootstrap] [BOOTSTRAP LOG] [debug] Got command action: find
[debug] [AndroidBootstrap] [BOOTSTRAP LOG] [debug] Finding 'new UiScrollable(new UiSelector().resourceId("com.climate.farmrise:id/action_bar_root")).setMaxSearchSwipes(3).scrollIntoView(new UiSelector().text("Load More schemes"))' using 'ANDROID_UIAUTOMATOR' with the contextId: '' multiple: false
[debug] [AndroidBootstrap] [BOOTSTRAP LOG] [debug] Parsing scrollable: new UiScrollable(new UiSelector().resourceId("com.climate.farmrise:id/action_bar_root")).setMaxSearchSwipes(3).scrollIntoView(new UiSelector().text("Load More schemes"))
[debug] [AndroidBootstrap] [BOOTSTRAP LOG] [debug] UiSelector coerce type: class java.lang.String arg: "com.climate.farmrise:id/action_bar_root"
[debug] [AndroidBootstrap] [BOOTSTRAP LOG] [debug] UiScrollable invoking method: public com.android.uiautomator.core.UiScrollable com.android.uiautomator.core.UiScrollable.setMaxSearchSwipes(int) args: 3,
[debug] [AndroidBootstrap] [BOOTSTRAP LOG] [debug] UiScrollable coerce type: int arg: 3
[debug] [AndroidBootstrap] [BOOTSTRAP LOG] [debug] Method name: setMaxSearchSwipes
[debug] [AndroidBootstrap] [BOOTSTRAP LOG] [debug] UiScrollable invoking method: public boolean com.android.uiautomator.core.UiScrollable.scrollIntoView(com.android.uiautomator.core.UiObject) throws com.android.uiautomator.core.UiObjectNotFoundException args: new UiSelector().text("Load More schemes"),
[debug] [AndroidBootstrap] [BOOTSTRAP LOG] [debug] UiScrollable coerce type: class com.android.uiautomator.core.UiObject arg: new UiSelector().text("Load More schemes")
[debug] [AndroidBootstrap] [BOOTSTRAP LOG] [debug] UiSelector coerce type: class java.lang.String arg: "Load More schemes"
[debug] [AndroidBootstrap] [BOOTSTRAP LOG] [debug] Method name: scrollIntoView
[debug] [AndroidBootstrap] [BOOTSTRAP LOG] [debug] Setting uiObject for scrollIntoView
[debug] [AndroidBootstrap] [BOOTSTRAP LOG] [debug] Invoking method: public boolean com.android.uiautomator.core.UiScrollable.scrollIntoView(com.android.uiautomator.core.UiObject) throws com.android.uiautomator.core.UiObjectNotFoundException with: com.android.uiautomator.core.UiObject@3be27d1
[debug] [AndroidBootstrap] [BOOTSTRAP LOG] [debug] Invoke complete.
[debug] [AndroidBootstrap] [BOOTSTRAP LOG] [debug] Using: UiSelector[TEXT=Load More schemes]
[debug] [AndroidBootstrap] [BOOTSTRAP LOG] [debug] Failed to locate element. Clearing Accessibility cache and retrying.
[debug] [AndroidBootstrap] [BOOTSTRAP LOG] [debug] Finding 'new UiScrollable(new UiSelector().resourceId("com.climate.farmrise:id/action_bar_root")).setMaxSearchSwipes(3).scrollIntoView(new UiSelector().text("Load More schemes"))' using 'ANDROID_UIAUTOMATOR' with the contextId: '' multiple: false
[debug] [AndroidBootstrap] [BOOTSTRAP LOG] [debug] Parsing scrollable: new UiScrollable(new UiSelector().resourceId("com.climate.farmrise:id/action_bar_root")).setMaxSearchSwipes(3).scrollIntoView(new UiSelector().text("Load More schemes"))
[debug] [AndroidBootstrap] [BOOTSTRAP LOG] [debug] UiSelector coerce type: class java.lang.String arg: "com.climate.farmrise:id/action_bar_root"
[debug] [AndroidBootstrap] [BOOTSTRAP LOG] [debug] UiScrollable invoking method: public com.android.uiautomator.core.UiScrollable com.android.uiautomator.core.UiScrollable.setMaxSearchSwipes(int) args: 3,
[debug] [AndroidBootstrap] [BOOTSTRAP LOG] [debug] UiScrollable coerce type: int arg: 3
[debug] [AndroidBootstrap] [BOOTSTRAP LOG] [debug] Method name: setMaxSearchSwipes
[debug] [AndroidBootstrap] [BOOTSTRAP LOG] [debug] UiScrollable invoking method: public boolean com.android.uiautomator.core.UiScrollable.scrollIntoView(com.android.uiautomator.core.UiObject) throws com.android.uiautomator.core.UiObjectNotFoundException args: new UiSelector().text("Load More schemes"),
[debug] [AndroidBootstrap] [BOOTSTRAP LOG] [debug] UiScrollable coerce type: class com.android.uiautomator.core.UiObject arg: new UiSelector().text("Load More schemes")
[debug] [AndroidBootstrap] [BOOTSTRAP LOG] [debug] UiSelector coerce type: class java.lang.String arg: "Load More schemes"
[debug] [AndroidBootstrap] [BOOTSTRAP LOG] [debug] Method name: scrollIntoView
[debug] [AndroidBootstrap] [BOOTSTRAP LOG] [debug] Setting uiObject for scrollIntoView
[debug] [AndroidBootstrap] [BOOTSTRAP LOG] [debug] Invoking method: public boolean com.android.uiautomator.core.UiScrollable.scrollIntoView(com.android.uiautomator.core.UiObject) throws com.android.uiautomator.core.UiObjectNotFoundException with: com.android.uiautomator.core.UiObject@4bed236
[debug] [AndroidBootstrap] [BOOTSTRAP LOG] [debug] Invoke complete.
[debug] [AndroidBootstrap] [BOOTSTRAP LOG] [debug] Using: UiSelector[TEXT=Load More schemes]
[debug] [AndroidBootstrap] [BOOTSTRAP LOG] [debug] Returning result: {"status":7,"value":"No element found"}
[debug] [AndroidBootstrap] Received command result from bootstrap
[debug] [BaseDriver] Waited for 54820 ms so far
[debug] [AndroidBootstrap] Sending command to android: {"cmd":"action","action":"find","params":{"strategy":"-android uiautomator","selector":"new UiScrollable(new UiSelector().resourceId(\"com.climate.farmrise:id/action_bar_root\")).setMaxSearchSwipes(3).scrollIntoView(new UiSelector().text(\"Load More schemes\"))","context":"","multiple":false}}
[debug] [AndroidBootstrap] [BOOTSTRAP LOG] [debug] Got data from client: {"cmd":"action","action":"find","params":{"strategy":"-android uiautomator","selector":"new UiScrollable(new UiSelector().resourceId(\"com.climate.farmrise:id/action_bar_root\")).setMaxSearchSwipes(3).scrollIntoView(new UiSelector().text(\"Load More schemes\"))","context":"","multiple":false}}
[debug] [AndroidBootstrap] [BOOTSTRAP LOG] [debug] Got command of type ACTION
[debug] [AndroidBootstrap] [BOOTSTRAP LOG] [debug] Got command action: find
[debug] [AndroidBootstrap] [BOOTSTRAP LOG] [debug] Finding 'new UiScrollable(new UiSelector().resourceId("com.climate.farmrise:id/action_bar_root")).setMaxSearchSwipes(3).scrollIntoView(new UiSelector().text("Load More schemes"))' using 'ANDROID_UIAUTOMATOR' with the contextId: '' multiple: false
[debug] [AndroidBootstrap] [BOOTSTRAP LOG] [debug] Parsing scrollable: new UiScrollable(new UiSelector().resourceId("com.climate.farmrise:id/action_bar_root")).setMaxSearchSwipes(3).scrollIntoView(new UiSelector().text("Load More schemes"))
[debug] [AndroidBootstrap] [BOOTSTRAP LOG] [debug] UiSelector coerce type: class java.lang.String arg: "com.climate.farmrise:id/action_bar_root"
[debug] [AndroidBootstrap] [BOOTSTRAP LOG] [debug] UiScrollable invoking method: public com.android.uiautomator.core.UiScrollable com.android.uiautomator.core.UiScrollable.setMaxSearchSwipes(int) args: 3,
[debug] [AndroidBootstrap] [BOOTSTRAP LOG] [debug] UiScrollable coerce type: int arg: 3
[debug] [AndroidBootstrap] [BOOTSTRAP LOG] [debug] Method name: setMaxSearchSwipes
[debug] [AndroidBootstrap] [BOOTSTRAP LOG] [debug] UiScrollable invoking method: public boolean com.android.uiautomator.core.UiScrollable.scrollIntoView(com.android.uiautomator.core.UiObject) throws com.android.uiautomator.core.UiObjectNotFoundException args: new UiSelector().text("Load More schemes"),
[debug] [AndroidBootstrap] [BOOTSTRAP LOG] [debug] UiScrollable coerce type: class com.android.uiautomator.core.UiObject arg: new UiSelector().text("Load More schemes")
[debug] [AndroidBootstrap] [BOOTSTRAP LOG] [debug] UiSelector coerce type: class java.lang.String arg: "Load More schemes"
[debug] [AndroidBootstrap] [BOOTSTRAP LOG] [debug] Method name: scrollIntoView
[debug] [AndroidBootstrap] [BOOTSTRAP LOG] [debug] Setting uiObject for scrollIntoView
[debug] [AndroidBootstrap] [BOOTSTRAP LOG] [debug] Invoking method: public boolean com.android.uiautomator.core.UiScrollable.scrollIntoView(com.android.uiautomator.core.UiObject) throws com.android.uiautomator.core.UiObjectNotFoundException with: com.android.uiautomator.core.UiObject@5102537
[debug] [AndroidBootstrap] [BOOTSTRAP LOG] [debug] Invoke complete.
[debug] [AndroidBootstrap] [BOOTSTRAP LOG] [debug] Using: UiSelector[TEXT=Load More schemes]
[debug] [AndroidBootstrap] [BOOTSTRAP LOG] [debug] Failed to locate element. Clearing Accessibility cache and retrying.
[debug] [AndroidBootstrap] [BOOTSTRAP LOG] [debug] Finding 'new UiScrollable(new UiSelector().resourceId("com.climate.farmrise:id/action_bar_root")).setMaxSearchSwipes(3).scrollIntoView(new UiSelector().text("Load More schemes"))' using 'ANDROID_UIAUTOMATOR' with the contextId: '' multiple: false
[debug] [AndroidBootstrap] [BOOTSTRAP LOG] [debug] Parsing scrollable: new UiScrollable(new UiSelector().resourceId("com.climate.farmrise:id/action_bar_root")).setMaxSearchSwipes(3).scrollIntoView(new UiSelector().text("Load More schemes"))
[debug] [AndroidBootstrap] [BOOTSTRAP LOG] [debug] UiSelector coerce type: class java.lang.String arg: "com.climate.farmrise:id/action_bar_root"
[debug] [AndroidBootstrap] [BOOTSTRAP LOG] [debug] UiScrollable invoking method: public com.android.uiautomator.core.UiScrollable com.android.uiautomator.core.UiScrollable.setMaxSearchSwipes(int) args: 3,
[debug] [AndroidBootstrap] [BOOTSTRAP LOG] [debug] UiScrollable coerce type: int arg: 3
[debug] [AndroidBootstrap] [BOOTSTRAP LOG] [debug] Method name: setMaxSearchSwipes
[debug] [AndroidBootstrap] [BOOTSTRAP LOG] [debug] UiScrollable invoking method: public boolean com.android.uiautomator.core.UiScrollable.scrollIntoView(com.android.uiautomator.core.UiObject) throws com.android.uiautomator.core.UiObjectNotFoundException args: new UiSelector().text("Load More schemes"),
[debug] [AndroidBootstrap] [BOOTSTRAP LOG] [debug] UiScrollable coerce type: class com.android.uiautomator.core.UiObject arg: new UiSelector().text("Load More schemes")
[debug] [AndroidBootstrap] [BOOTSTRAP LOG] [debug] UiSelector coerce type: class java.lang.String arg: "Load More schemes"
[debug] [AndroidBootstrap] [BOOTSTRAP LOG] [debug] Method name: scrollIntoView
[debug] [AndroidBootstrap] [BOOTSTRAP LOG] [debug] Setting uiObject for scrollIntoView
[debug] [AndroidBootstrap] [BOOTSTRAP LOG] [debug] Invoking method: public boolean com.android.uiautomator.core.UiScrollable.scrollIntoView(com.android.uiautomator.core.UiObject) throws com.android.uiautomator.core.UiObjectNotFoundException with: com.android.uiautomator.core.UiObject@2c0caa4
[debug] [AndroidBootstrap] [BOOTSTRAP LOG] [debug] Invoke complete.
[debug] [AndroidBootstrap] [BOOTSTRAP LOG] [debug] Using: UiSelector[TEXT=Load More schemes]
[debug] [AndroidBootstrap] [BOOTSTRAP LOG] [debug] Returning result: {"status":7,"value":"No element found"}
[debug] [AndroidBootstrap] Received command result from bootstrap
[debug] [BaseDriver] Waited for 62125 ms so far
[debug] [AndroidBootstrap] Sending command to android: {"cmd":"action","action":"find","params":{"strategy":"-android uiautomator","selector":"new UiScrollable(new UiSelector().resourceId(\"com.climate.farmrise:id/action_bar_root\")).setMaxSearchSwipes(3).scrollIntoView(new UiSelector().text(\"Load More schemes\"))","context":"","multiple":false}}
[debug] [AndroidBootstrap] [BOOTSTRAP LOG] [debug] Got data from client: {"cmd":"action","action":"find","params":{"strategy":"-android uiautomator","selector":"new UiScrollable(new UiSelector().resourceId(\"com.climate.farmrise:id/action_bar_root\")).setMaxSearchSwipes(3).scrollIntoView(new UiSelector().text(\"Load More schemes\"))","context":"","multiple":false}}
[debug] [AndroidBootstrap] [BOOTSTRAP LOG] [debug] Got command of type ACTION
[debug] [AndroidBootstrap] [BOOTSTRAP LOG] [debug] Got command action: find
[debug] [AndroidBootstrap] [BOOTSTRAP LOG] [debug] Finding 'new UiScrollable(new UiSelector().resourceId("com.climate.farmrise:id/action_bar_root")).setMaxSearchSwipes(3).scrollIntoView(new UiSelector().text("Load More schemes"))' using 'ANDROID_UIAUTOMATOR' with the contextId: '' multiple: false
[debug] [AndroidBootstrap] [BOOTSTRAP LOG] [debug] Parsing scrollable: new UiScrollable(new UiSelector().resourceId("com.climate.farmrise:id/action_bar_root")).setMaxSearchSwipes(3).scrollIntoView(new UiSelector().text("Load More schemes"))
[debug] [AndroidBootstrap] [BOOTSTRAP LOG] [debug] UiSelector coerce type: class java.lang.String arg: "com.climate.farmrise:id/action_bar_root"
[debug] [AndroidBootstrap] [BOOTSTRAP LOG] [debug] UiScrollable invoking method: public com.android.uiautomator.core.UiScrollable com.android.uiautomator.core.UiScrollable.setMaxSearchSwipes(int) args: 3,
[debug] [AndroidBootstrap] [BOOTSTRAP LOG] [debug] UiScrollable coerce type: int arg: 3
[debug] [AndroidBootstrap] [BOOTSTRAP LOG] [debug] Method name: setMaxSearchSwipes
[debug] [AndroidBootstrap] [BOOTSTRAP LOG] [debug] UiScrollable invoking method: public boolean com.android.uiautomator.core.UiScrollable.scrollIntoView(com.android.uiautomator.core.UiObject) throws com.android.uiautomator.core.UiObjectNotFoundException args: new UiSelector().text("Load More schemes"),
[debug] [AndroidBootstrap] [BOOTSTRAP LOG] [debug] UiScrollable coerce type: class com.android.uiautomator.core.UiObject arg: new UiSelector().text("Load More schemes")
[debug] [AndroidBootstrap] [BOOTSTRAP LOG] [debug] UiSelector coerce type: class java.lang.String arg: "Load More schemes"
[debug] [AndroidBootstrap] [BOOTSTRAP LOG] [debug] Method name: scrollIntoView
[debug] [AndroidBootstrap] [BOOTSTRAP LOG] [debug] Setting uiObject for scrollIntoView
[debug] [AndroidBootstrap] [BOOTSTRAP LOG] [debug] Invoking method: public boolean com.android.uiautomator.core.UiScrollable.scrollIntoView(com.android.uiautomator.core.UiObject) throws com.android.uiautomator.core.UiObjectNotFoundException with: com.android.uiautomator.core.UiObject@8ac700d
[debug] [AndroidBootstrap] [BOOTSTRAP LOG] [debug] Invoke complete.
[debug] [AndroidBootstrap] [BOOTSTRAP LOG] [debug] Using: UiSelector[TEXT=Load More schemes]
[debug] [AndroidBootstrap] [BOOTSTRAP LOG] [debug] Failed to locate element. Clearing Accessibility cache and retrying.
[debug] [AndroidBootstrap] [BOOTSTRAP LOG] [debug] Finding 'new UiScrollable(new UiSelector().resourceId("com.climate.farmrise:id/action_bar_root")).setMaxSearchSwipes(3).scrollIntoView(new UiSelector().text("Load More schemes"))' using 'ANDROID_UIAUTOMATOR' with the contextId: '' multiple: false
[debug] [AndroidBootstrap] [BOOTSTRAP LOG] [debug] Parsing scrollable: new UiScrollable(new UiSelector().resourceId("com.climate.farmrise:id/action_bar_root")).setMaxSearchSwipes(3).scrollIntoView(new UiSelector().text("Load More schemes"))
[debug] [AndroidBootstrap] [BOOTSTRAP LOG] [debug] UiSelector coerce type: class java.lang.String arg: "com.climate.farmrise:id/action_bar_root"
[debug] [AndroidBootstrap] [BOOTSTRAP LOG] [debug] UiScrollable invoking method: public com.android.uiautomator.core.UiScrollable com.android.uiautomator.core.UiScrollable.setMaxSearchSwipes(int) args: 3,
[debug] [AndroidBootstrap] [BOOTSTRAP LOG] [debug] UiScrollable coerce type: int arg: 3
[debug] [AndroidBootstrap] [BOOTSTRAP LOG] [debug] Method name: setMaxSearchSwipes
[debug] [AndroidBootstrap] [BOOTSTRAP LOG] [debug] UiScrollable invoking method: public boolean com.android.uiautomator.core.UiScrollable.scrollIntoView(com.android.uiautomator.core.UiObject) throws com.android.uiautomator.core.UiObjectNotFoundException args: new UiSelector().text("Load More schemes"),
[debug] [AndroidBootstrap] [BOOTSTRAP LOG] [debug] UiScrollable coerce type: class com.android.uiautomator.core.UiObject arg: new UiSelector().text("Load More schemes")
[debug] [AndroidBootstrap] [BOOTSTRAP LOG] [debug] UiSelector coerce type: class java.lang.String arg: "Load More schemes"
[debug] [AndroidBootstrap] [BOOTSTRAP LOG] [debug] Method name: scrollIntoView
[debug] [AndroidBootstrap] [BOOTSTRAP LOG] [debug] Setting uiObject for scrollIntoView
[debug] [AndroidBootstrap] [BOOTSTRAP LOG] [debug] Invoking method: public boolean com.android.uiautomator.core.UiScrollable.scrollIntoView(com.android.uiautomator.core.UiObject) throws com.android.uiautomator.core.UiObjectNotFoundException with: com.android.uiautomator.core.UiObject@29ddbc2
[debug] [AndroidBootstrap] [BOOTSTRAP LOG] [debug] Invoke complete.
[debug] [AndroidBootstrap] [BOOTSTRAP LOG] [debug] Using: UiSelector[TEXT=Load More schemes]
[debug] [AndroidBootstrap] [BOOTSTRAP LOG] [debug] Returning result: {"status":7,"value":"No element found"}
[debug] [AndroidBootstrap] Received command result from bootstrap
[debug] [BaseDriver] Waited for 69253 ms so far
[debug] [AndroidBootstrap] Sending command to android: {"cmd":"action","action":"find","params":{"strategy":"-android uiautomator","selector":"new UiScrollable(new UiSelector().resourceId(\"com.climate.farmrise:id/action_bar_root\")).setMaxSearchSwipes(3).scrollIntoView(new UiSelector().text(\"Load More schemes\"))","context":"","multiple":false}}
[debug] [AndroidBootstrap] [BOOTSTRAP LOG] [debug] Got data from client: {"cmd":"action","action":"find","params":{"strategy":"-android uiautomator","selector":"new UiScrollable(new UiSelector().resourceId(\"com.climate.farmrise:id/action_bar_root\")).setMaxSearchSwipes(3).scrollIntoView(new UiSelector().text(\"Load More schemes\"))","context":"","multiple":false}}
[debug] [AndroidBootstrap] [BOOTSTRAP LOG] [debug] Got command of type ACTION
[debug] [AndroidBootstrap] [BOOTSTRAP LOG] [debug] Got command action: find
[debug] [AndroidBootstrap] [BOOTSTRAP LOG] [debug] Finding 'new UiScrollable(new UiSelector().resourceId("com.climate.farmrise:id/action_bar_root")).setMaxSearchSwipes(3).scrollIntoView(new UiSelector().text("Load More schemes"))' using 'ANDROID_UIAUTOMATOR' with the contextId: '' multiple: false
[debug] [AndroidBootstrap] [BOOTSTRAP LOG] [debug] Parsing scrollable: new UiScrollable(new UiSelector().resourceId("com.climate.farmrise:id/action_bar_root")).setMaxSearchSwipes(3).scrollIntoView(new UiSelector().text("Load More schemes"))
[debug] [AndroidBootstrap] [BOOTSTRAP LOG] [debug] UiSelector coerce type: class java.lang.String arg: "com.climate.farmrise:id/action_bar_root"
[debug] [AndroidBootstrap] [BOOTSTRAP LOG] [debug] UiScrollable invoking method: public com.android.uiautomator.core.UiScrollable com.android.uiautomator.core.UiScrollable.setMaxSearchSwipes(int) args: 3,
[debug] [AndroidBootstrap] [BOOTSTRAP LOG] [debug] UiScrollable coerce type: int arg: 3
[debug] [AndroidBootstrap] [BOOTSTRAP LOG] [debug] Method name: setMaxSearchSwipes
[debug] [AndroidBootstrap] [BOOTSTRAP LOG] [debug] UiScrollable invoking method: public boolean com.android.uiautomator.core.UiScrollable.scrollIntoView(com.android.uiautomator.core.UiObject) throws com.android.uiautomator.core.UiObjectNotFoundException args: new UiSelector().text("Load More schemes"),
[debug] [AndroidBootstrap] [BOOTSTRAP LOG] [debug] UiScrollable coerce type: class com.android.uiautomator.core.UiObject arg: new UiSelector().text("Load More schemes")
[debug] [AndroidBootstrap] [BOOTSTRAP LOG] [debug] UiSelector coerce type: class java.lang.String arg: "Load More schemes"
[debug] [AndroidBootstrap] [BOOTSTRAP LOG] [debug] Method name: scrollIntoView
[debug] [AndroidBootstrap] [BOOTSTRAP LOG] [debug] Setting uiObject for scrollIntoView
[debug] [AndroidBootstrap] [BOOTSTRAP LOG] [debug] Invoking method: public boolean com.android.uiautomator.core.UiScrollable.scrollIntoView(com.android.uiautomator.core.UiObject) throws com.android.uiautomator.core.UiObjectNotFoundException with: com.android.uiautomator.core.UiObject@37ddd3
[debug] [AndroidBootstrap] [BOOTSTRAP LOG] [debug] Invoke complete.
[debug] [AndroidBootstrap] [BOOTSTRAP LOG] [debug] Using: UiSelector[TEXT=Load More schemes]
[debug] [AndroidBootstrap] [BOOTSTRAP LOG] [debug] Failed to locate element. Clearing Accessibility cache and retrying.
[debug] [AndroidBootstrap] [BOOTSTRAP LOG] [debug] Finding 'new UiScrollable(new UiSelector().resourceId("com.climate.farmrise:id/action_bar_root")).setMaxSearchSwipes(3).scrollIntoView(new UiSelector().text("Load More schemes"))' using 'ANDROID_UIAUTOMATOR' with the contextId: '' multiple: false
[debug] [AndroidBootstrap] [BOOTSTRAP LOG] [debug] Parsing scrollable: new UiScrollable(new UiSelector().resourceId("com.climate.farmrise:id/action_bar_root")).setMaxSearchSwipes(3).scrollIntoView(new UiSelector().text("Load More schemes"))
[debug] [AndroidBootstrap] [BOOTSTRAP LOG] [debug] UiSelector coerce type: class java.lang.String arg: "com.climate.farmrise:id/action_bar_root"
[debug] [AndroidBootstrap] [BOOTSTRAP LOG] [debug] UiScrollable invoking method: public com.android.uiautomator.core.UiScrollable com.android.uiautomator.core.UiScrollable.setMaxSearchSwipes(int) args: 3,
[debug] [AndroidBootstrap] [BOOTSTRAP LOG] [debug] UiScrollable coerce type: int arg: 3
[debug] [AndroidBootstrap] [BOOTSTRAP LOG] [debug] Method name: setMaxSearchSwipes
[debug] [AndroidBootstrap] [BOOTSTRAP LOG] [debug] UiScrollable invoking method: public boolean com.android.uiautomator.core.UiScrollable.scrollIntoView(com.android.uiautomator.core.UiObject) throws com.android.uiautomator.core.UiObjectNotFoundException args: new UiSelector().text("Load More schemes"),
[debug] [AndroidBootstrap] [BOOTSTRAP LOG] [debug] UiScrollable coerce type: class com.android.uiautomator.core.UiObject arg: new UiSelector().text("Load More schemes")
[debug] [AndroidBootstrap] [BOOTSTRAP LOG] [debug] UiSelector coerce type: class java.lang.String arg: "Load More schemes"
[debug] [AndroidBootstrap] [BOOTSTRAP LOG] [debug] Method name: scrollIntoView
[debug] [AndroidBootstrap] [BOOTSTRAP LOG] [debug] Setting uiObject for scrollIntoView
[debug] [AndroidBootstrap] [BOOTSTRAP LOG] [debug] Invoking method: public boolean com.android.uiautomator.core.UiScrollable.scrollIntoView(com.android.uiautomator.core.UiObject) throws com.android.uiautomator.core.UiObjectNotFoundException with: com.android.uiautomator.core.UiObject@191ed10
[debug] [AndroidBootstrap] [BOOTSTRAP LOG] [debug] Invoke complete.
[debug] [AndroidBootstrap] [BOOTSTRAP LOG] [debug] Using: UiSelector[TEXT=Load More schemes]
[debug] [AndroidBootstrap] [BOOTSTRAP LOG] [debug] Returning result: {"status":7,"value":"No element found"}
[debug] [AndroidBootstrap] Received command result from bootstrap
[debug] [BaseDriver] Waited for 76381 ms so far
[debug] [AndroidBootstrap] Sending command to android: {"cmd":"action","action":"find","params":{"strategy":"-android uiautomator","selector":"new UiScrollable(new UiSelector().resourceId(\"com.climate.farmrise:id/action_bar_root\")).setMaxSearchSwipes(3).scrollIntoView(new UiSelector().text(\"Load More schemes\"))","context":"","multiple":false}}
[debug] [AndroidBootstrap] [BOOTSTRAP LOG] [debug] Got data from client: {"cmd":"action","action":"find","params":{"strategy":"-android uiautomator","selector":"new UiScrollable(new UiSelector().resourceId(\"com.climate.farmrise:id/action_bar_root\")).setMaxSearchSwipes(3).scrollIntoView(new UiSelector().text(\"Load More schemes\"))","context":"","multiple":false}}
[debug] [AndroidBootstrap] [BOOTSTRAP LOG] [debug] Got command of type ACTION
[debug] [AndroidBootstrap] [BOOTSTRAP LOG] [debug] Got command action: find
[debug] [AndroidBootstrap] [BOOTSTRAP LOG] [debug] Finding 'new UiScrollable(new UiSelector().resourceId("com.climate.farmrise:id/action_bar_root")).setMaxSearchSwipes(3).scrollIntoView(new UiSelector().text("Load More schemes"))' using 'ANDROID_UIAUTOMATOR' with the contextId: '' multiple: false
[debug] [AndroidBootstrap] [BOOTSTRAP LOG] [debug] Parsing scrollable: new UiScrollable(new UiSelector().resourceId("com.climate.farmrise:id/action_bar_root")).setMaxSearchSwipes(3).scrollIntoView(new UiSelector().text("Load More schemes"))
[debug] [AndroidBootstrap] [UIAUTO STDOUT] [APPIUM-UIAU
[debug] [AndroidBootstrap] [UIAUTO STDOUT] TO] [debug] UiSelector coerce type: class java.lang.String arg: "com.climate.farmrise:id/action_bar_root"[/APPIUM-UIAUTO]
[debug] [AndroidBootstrap] [BOOTSTRAP LOG] [debug] UiScrollable invoking method: public com.android.uiautomator.core.UiScrollable com.android.uiautomator.core.UiScrollable.setMaxSearchSwipes(int) args: 3,
[debug] [AndroidBootstrap] [BOOTSTRAP LOG] [debug] UiScrollable coerce type: int arg: 3
[debug] [AndroidBootstrap] [BOOTSTRAP LOG] [debug] Method name: setMaxSearchSwipes
[debug] [AndroidBootstrap] [BOOTSTRAP LOG] [debug] UiScrollable invoking method: public boolean com.android.uiautomator.core.UiScrollable.scrollIntoView(com.android.uiautomator.core.UiObject) throws com.android.uiautomator.core.UiObjectNotFoundException args: new UiSelector().text("Load More schemes"),
[debug] [AndroidBootstrap] [BOOTSTRAP LOG] [debug] UiScrollable coerce type: class com.android.uiautomator.core.UiObject arg: new UiSelector().text("Load More schemes")
[debug] [AndroidBootstrap] [BOOTSTRAP LOG] [debug] UiSelector coerce type: class java.lang.String arg: "Load More schemes"
[debug] [AndroidBootstrap] [BOOTSTRAP LOG] [debug] Method name: scrollIntoView
[debug] [AndroidBootstrap] [BOOTSTRAP LOG] [debug] Setting uiObject for scrollIntoView
[debug] [AndroidBootstrap] [BOOTSTRAP LOG] [debug] Invoking method: public boolean com.android.uiautomator.core.UiScrollable.scrollIntoView(com.android.uiautomator.core.UiObject) throws com.android.uiautomator.core.UiObjectNotFoundException with: com.android.uiautomator.core.UiObject@bbd0009
[debug] [AndroidBootstrap] [BOOTSTRAP LOG] [debug] Invoke complete.
[debug] [AndroidBootstrap] [BOOTSTRAP LOG] [debug] Using: UiSelector[TEXT=Load More schemes]
[debug] [AndroidBootstrap] [BOOTSTRAP LOG] [debug] Failed to locate element. Clearing Accessibility cache and retrying.
[debug] [AndroidBootstrap] [BOOTSTRAP LOG] [debug] Finding 'new UiScrollable(new UiSelector().resourceId("com.climate.farmrise:id/action_bar_root")).setMaxSearchSwipes(3).scrollIntoView(new UiSelector().text("Load More schemes"))' using 'ANDROID_UIAUTOMATOR' with the contextId: '' multiple: false
[debug] [AndroidBootstrap] [BOOTSTRAP LOG] [debug] Parsing scrollable: new UiScrollable(new UiSelector().resourceId("com.climate.farmrise:id/action_bar_root")).setMaxSearchSwipes(3).scrollIntoView(new UiSelector().text("Load More schemes"))
[debug] [AndroidBootstrap] [BOOTSTRAP LOG] [debug] UiSelector coerce type: class java.lang.String arg: "com.climate.farmrise:id/action_bar_root"
[debug] [AndroidBootstrap] [BOOTSTRAP LOG] [debug] UiScrollable invoking method: public com.android.uiautomator.core.UiScrollable com.android.uiautomator.core.UiScrollable.setMaxSearchSwipes(int) args: 3,
[debug] [AndroidBootstrap] [BOOTSTRAP LOG] [debug] UiScrollable coerce type: int arg: 3
[debug] [AndroidBootstrap] [BOOTSTRAP LOG] [debug] Method name: setMaxSearchSwipes
[debug] [AndroidBootstrap] [BOOTSTRAP LOG] [debug] UiScrollable invoking method: public boolean com.android.uiautomator.core.UiScrollable.scrollIntoView(com.android.uiautomator.core.UiObject) throws com.android.uiautomator.core.UiObjectNotFoundException args: new UiSelector().text("Load More schemes"),
[debug] [AndroidBootstrap] [BOOTSTRAP LOG] [debug] UiScrollable coerce type: class com.android.uiautomator.core.UiObject arg: new UiSelector().text("Load More schemes")
[debug] [AndroidBootstrap] [BOOTSTRAP LOG] [debug] UiSelector coerce type: class java.lang.String arg: "Load More schemes"
[debug] [AndroidBootstrap] [BOOTSTRAP LOG] [debug] Method name: scrollIntoView
[debug] [AndroidBootstrap] [BOOTSTRAP LOG] [debug] Setting uiObject for scrollIntoView
[debug] [AndroidBootstrap] [BOOTSTRAP LOG] [debug] Invoking method: public boolean com.android.uiautomator.core.UiScrollable.scrollIntoView(com.android.uiautomator.core.UiObject) throws com.android.uiautomator.core.UiObjectNotFoundException with: com.android.uiautomator.core.UiObject@571f20e
[debug] [AndroidBootstrap] [BOOTSTRAP LOG] [debug] Invoke complete.
[debug] [AndroidBootstrap] [BOOTSTRAP LOG] [debug] Using: UiSelector[TEXT=Load More schemes]
[debug] [AndroidBootstrap] [BOOTSTRAP LOG] [debug] Returning result: {"status":7,"value":"No element found"}
[debug] [AndroidBootstrap] Received command result from bootstrap
[HTTP] <-- POST /wd/hub/session/6d28dc6e-8969-495c-9f05-2f1e2144267d/element 500 83526 ms - 164 
]]></system-out>
  </testcase>
  <testcase name="searchForKeyword" classname="com.monsanto.TestScripts.TestScriptFarmRise" time="25.323">
    <failure message="expected [false] but found [true]" type="java.lang.AssertionError">java.lang.AssertionError: expected [false] but found [true]
	at org.testng.Assert.fail(Assert.java:94)
	at org.testng.Assert.failNotEquals(Assert.java:494)
	at org.testng.Assert.assertFalse(Assert.java:63)
	at org.testng.Assert.assertFalse(Assert.java:73)
	at com.monsanto.PageHelper.FarmRisePageHelper.verifyTheResult(FarmRisePageHelper.java:370)
	at com.monsanto.TestScripts.TestScriptFarmRise.searchForKeyword(TestScriptFarmRise.java:70)
</failure>
    <system-out><![CDATA[[HTTP] --> GET /wd/hub/session/6d28dc6e-8969-495c-9f05-2f1e2144267d/screenshot {}
[debug] [MJSONWP] Calling AppiumDriver.getScreenshot() with args: ["6d28dc6e-8969-495c-9f05-2f1e2144267d"]
[debug] [ADB] Device API level: 23
[debug] [MJSONWP] Responding to client with driver.getScreenshot() result: "iVBORw0KGgoAAAANSUhEUgAABDgAAAeACAYAAAArYecKAACAAElEQVR4AezBC3TTh2H3/e//b8m2bFnGsvHtjwFjhUuCgCSgNEBD2pRWXbtQmvTZqvSSvHSX7qEn3XmWVlvXrkvblS07z9K37M2erTTpjXVtVrpsWZ0mzZVc6hBuDoSLuCNsgy2MLFu2dXuPT48fNM0GA8a24Pf5GKt+8WAGEREREREREZE8ZiIiIiIiIiIikudMRERERERERETynImIiIiIiIiISJ4zERERERERERHJcyYiIiIiIiIiInnOREREREREREQkz5mIiIiIiIiIiOQ5ExERERERERGRPGciIiIiIiIiIpLnTERERERERERE8pyJiIiIiIiIiEieM8kjZfYSVlQvZHrxNK5UVXE5K6oXMr14GiIiIiIiIiKS30zyyOr6pXzt5nX81ozbMDC4XAYG769fytduXscnm96PiIiIiIiIiOQ3G3mkJ9GLaRh4yizspo3BdILLYTdtLJw2B9Mw6E3GERERERG5XDajgBJbMUPKC0sYzbnBPob0JftJZlLIb3hcFqFoGDnP47IIRcNMpvqSKsrsDi5VZ/85ugdjpDJpRCaajTyyO3KYIY1ldRQV2BlMJ7gcdrOAprI6huyKHEJERERELt36+WsJ9YRpDrcw3oLeAE6bgw1vbyaWiDNV2IwCXIWluOwllNqKKbU5sJkmY9FQyv+VTKfpTcbpTfYTTfQRHewlmUlxvfFbPj5o+XiwZSPyG37LxwctHw+2bGQyldkdVBa5uFS9iX6iRi+pDCITzkYe6eg/y9FYO7OcNUwrLKUn0cfl8LhmUONwM2T/uROIiIiIyNg57Q6CCwOsrPEyJJaMs7WjlfFy7+xV+C0fQx51rOfPd2yiPR5hshQV2HEXuqh2TKPUVsx4sJkm5YWllBeWUk8lQ3qT/ZyOdxMZjDKQSnCt81s+gt4AuyIh5Df8lo+gN8CuSAgRuXQmeebljl0YGNzsnsvluqNmEUMORE9y...
[HTTP] <-- GET /wd/hub/session/6d28dc6e-8969-495c-9f05-2f1e2144267d/screenshot 200 3087 ms - 971586 
[HTTP] --> POST /wd/hub/session/6d28dc6e-8969-495c-9f05-2f1e2144267d/element {"using":"id","value":"android:id/search_button"}
[debug] [MJSONWP] Calling AppiumDriver.findElement() with args: ["id","android:id/search_button","6d28dc6e-8969-495c-9f05-2f1e2144267d"]
[debug] [BaseDriver] Valid locator strategies for this request: xpath, id, class name, accessibility id, -android uiautomator
[debug] [BaseDriver] Valid locator strategies for this request: xpath, id, class name, accessibility id, -android uiautomator
[debug] [BaseDriver] Waiting up to 80000 ms for condition
[debug] [AndroidBootstrap] Sending command to android: {"cmd":"action","action":"find","params":{"strategy":"id","selector":"android:id/search_button","context":"","multiple":false}}
[debug] [AndroidBootstrap] [BOOTSTRAP LOG] [debug] Got data from client: {"cmd":"action","action":"find","params":{"strategy":"id","selector":"android:id/search_button","context":"","multiple":false}}
[debug] [AndroidBootstrap] [BOOTSTRAP LOG] [debug] Got command of type ACTION
[debug] [AndroidBootstrap] [BOOTSTRAP LOG] [debug] Got command action: find
[debug] [AndroidBootstrap] [BOOTSTRAP LOG] [debug] Finding 'android:id/search_button' using 'ID' with the contextId: '' multiple: false
[debug] [AndroidBootstrap] [BOOTSTRAP LOG] [debug] Using: UiSelector[INSTANCE=0, RESOURCE_ID=android:id/search_button]
[debug] [AndroidBootstrap] [BOOTSTRAP LOG] [debug] Returning result: {"status":0,"value":{"ELEMENT":"77"}}
[debug] [AndroidBootstrap] Received command result from bootstrap
[debug] [MJSONWP] Responding to client with driver.findElement() result: {"ELEMENT":"77"}
[HTTP] <-- POST /wd/hub/session/6d28dc6e-8969-495c-9f05-2f1e2144267d/element 200 66 ms - 88 
[HTTP] --> POST /wd/hub/session/6d28dc6e-8969-495c-9f05-2f1e2144267d/element {"using":"id","value":"android:id/search_button"}
[debug] [MJSONWP] Calling AppiumDriver.findElement() with args: ["id","android:id/search_button","6d28dc6e-8969-495c-9f05-2f1e2144267d"]
[debug] [BaseDriver] Valid locator strategies for this request: xpath, id, class name, accessibility id, -android uiautomator
[debug] [BaseDriver] Valid locator strategies for this request: xpath, id, class name, accessibility id, -android uiautomator
[debug] [BaseDriver] Waiting up to 80000 ms for condition
[debug] [AndroidBootstrap] Sending command to android: {"cmd":"action","action":"find","params":{"strategy":"id","selector":"android:id/search_button","context":"","multiple":false}}
[debug] [AndroidBootstrap] [BOOTSTRAP LOG] [debug] Got data from client: {"cmd":"action","action":"find","params":{"strategy":"id","selector":"android:id/search_button","context":"","multiple":false}}
[debug] [AndroidBootstrap] [BOOTSTRAP LOG] [debug] Got command of type ACTION
[debug] [AndroidBootstrap] [BOOTSTRAP LOG] [debug] Got command action: find
[debug] [AndroidBootstrap] [BOOTSTRAP LOG] [debug] Finding 'android:id/search_button' using 'ID' with the contextId: '' multiple: false
[debug] [AndroidBootstrap] [BOOTSTRAP LOG] [debug] Using: UiSelector[INSTANCE=0, RESOURCE_ID=android:id/search_button]
[debug] [AndroidBootstrap] [BOOTSTRAP LOG] [debug] Returning result: {"status":0,"value":{"ELEMENT":"78"}}
[debug] [AndroidBootstrap] Received command result from bootstrap
[debug] [MJSONWP] Responding to client with driver.findElement() result: {"ELEMENT":"78"}
[HTTP] <-- POST /wd/hub/session/6d28dc6e-8969-495c-9f05-2f1e2144267d/element 200 44 ms - 88 
[HTTP] --> POST /wd/hub/session/6d28dc6e-8969-495c-9f05-2f1e2144267d/element {"using":"id","value":"android:id/search_button"}
[debug] [MJSONWP] Calling AppiumDriver.findElement() with args: ["id","android:id/search_button","6d28dc6e-8969-495c-9f05-2f1e2144267d"]
[debug] [BaseDriver] Valid locator strategies for this request: xpath, id, class name, accessibility id, -android uiautomator
[debug] [BaseDriver] Valid locator strategies for this request: xpath, id, class name, accessibility id, -android uiautomator
[debug] [BaseDriver] Waiting up to 80000 ms for condition
[debug] [AndroidBootstrap] Sending command to android: {"cmd":"action","action":"find","params":{"strategy":"id","selector":"android:id/search_button","context":"","multiple":false}}
[debug] [AndroidBootstrap] [BOOTSTRAP LOG] [debug] Got data from client: {"cmd":"action","action":"find","params":{"strategy":"id","selector":"android:id/search_button","context":"","multiple":false}}
[debug] [AndroidBootstrap] [BOOTSTRAP LOG] [debug] Got command of type ACTION
[debug] [AndroidBootstrap] [BOOTSTRAP LOG] [debug] Got command action: find
[debug] [AndroidBootstrap] [BOOTSTRAP LOG] [debug] Finding 'android:id/search_button' using 'ID' with the contextId: '' multiple: false
[debug] [AndroidBootstrap] [BOOTSTRAP LOG] [debug] Using: UiSelector[INSTANCE=0, RESOURCE_ID=android:id/search_button]
[debug] [AndroidBootstrap] [BOOTSTRAP LOG] [debug] Returning result: {"status":0,"value":{"ELEMENT":"79"}}
[debug] [AndroidBootstrap] Received command result from bootstrap
[debug] [MJSONWP] Responding to client with driver.findElement() result: {"ELEMENT":"79"}
[HTTP] <-- POST /wd/hub/session/6d28dc6e-8969-495c-9f05-2f1e2144267d/element 200 94 ms - 88 
[HTTP] --> POST /wd/hub/session/6d28dc6e-8969-495c-9f05-2f1e2144267d/element {"using":"id","value":"android:id/search_button"}
[debug] [MJSONWP] Calling AppiumDriver.findElement() with args: ["id","android:id/search_button","6d28dc6e-8969-495c-9f05-2f1e2144267d"]
[debug] [BaseDriver] Valid locator strategies for this request: xpath, id, class name, accessibility id, -android uiautomator
[debug] [BaseDriver] Valid locator strategies for this request: xpath, id, class name, accessibility id, -android uiautomator
[debug] [BaseDriver] Waiting up to 80000 ms for condition
[debug] [AndroidBootstrap] Sending command to android: {"cmd":"action","action":"find","params":{"strategy":"id","selector":"android:id/search_button","context":"","multiple":false}}
[debug] [AndroidBootstrap] [BOOTSTRAP LOG] [debug] Got data from client: {"cmd":"action","action":"find","params":{"strategy":"id","selector":"android:id/search_button","context":"","multiple":false}}
[debug] [AndroidBootstrap] [BOOTSTRAP LOG] [debug] Got command of type ACTION
[debug] [AndroidBootstrap] [BOOTSTRAP LOG] [debug] Got command action: find
[debug] [AndroidBootstrap] [BOOTSTRAP LOG] [debug] Finding 'android:id/search_button' using 'ID' with the contextId: '' multiple: false
[debug] [AndroidBootstrap] [BOOTSTRAP LOG] [debug] Using: UiSelector[INSTANCE=0, RESOURCE_ID=android:id/search_button]
[debug] [AndroidBootstrap] [BOOTSTRAP LOG] [debug] Returning result: {"status":0,"value":{"ELEMENT":"80"}}
[debug] [AndroidBootstrap] Received command result from bootstrap
[debug] [MJSONWP] Responding to client with driver.findElement() result: {"ELEMENT":"80"}
[HTTP] <-- POST /wd/hub/session/6d28dc6e-8969-495c-9f05-2f1e2144267d/element 200 42 ms - 88 
[HTTP] --> POST /wd/hub/session/6d28dc6e-8969-495c-9f05-2f1e2144267d/element/80/click {"id":"80"}
[debug] [MJSONWP] Calling AppiumDriver.click() with args: ["80","6d28dc6e-8969-495c-9f05-2f1e2144267d"]
[debug] [AndroidBootstrap] Sending command to android: {"cmd":"action","action":"element:click","params":{"elementId":"80"}}
[debug] [AndroidBootstrap] [BOOTSTRAP LOG] [debug] Got data from client: {"cmd":"action","action":"element:click","params":{"elementId":"80"}}
[debug] [AndroidBootstrap] [BOOTSTRAP LOG] [debug] Got command of type ACTION
[debug] [AndroidBootstrap] [BOOTSTRAP LOG] [debug] Got command action: click
[debug] [AndroidBootstrap] [BOOTSTRAP LOG] [debug] Returning result: {"status":0,"value":true}
[debug] [AndroidBootstrap] Received command result from bootstrap
[debug] [MJSONWP] Responding to client with driver.click() result: true
[HTTP] <-- POST /wd/hub/session/6d28dc6e-8969-495c-9f05-2f1e2144267d/element/80/click 200 204 ms - 76 
[HTTP] --> POST /wd/hub/session/6d28dc6e-8969-495c-9f05-2f1e2144267d/element {"using":"id","value":"android:id/search_src_text"}
[debug] [MJSONWP] Calling AppiumDriver.findElement() with args: ["id","android:id/search_src_text","6d28dc6e-8969-495c-9f05-2f1e2144267d"]
[debug] [BaseDriver] Valid locator strategies for this request: xpath, id, class name, accessibility id, -android uiautomator
[debug] [BaseDriver] Valid locator strategies for this request: xpath, id, class name, accessibility id, -android uiautomator
[debug] [BaseDriver] Waiting up to 80000 ms for condition
[debug] [AndroidBootstrap] Sending command to android: {"cmd":"action","action":"find","params":{"strategy":"id","selector":"android:id/search_src_text","context":"","multiple":false}}
[debug] [AndroidBootstrap] [BOOTSTRAP LOG] [debug] Got data from client: {"cmd":"action","action":"find","params":{"strategy":"id","selector":"android:id/search_src_text","context":"","multiple":false}}
[debug] [AndroidBootstrap] [BOOTSTRAP LOG] [debug] Got command of type ACTION
[debug] [AndroidBootstrap] [BOOTSTRAP LOG] [debug] Got command action: find
[debug] [AndroidBootstrap] [BOOTSTRAP LOG] [debug] Finding 'android:id/search_src_text' using 'ID' with the contextId: '' multiple: false
[debug] [AndroidBootstrap] [BOOTSTRAP LOG] [debug] Using: UiSelector[INSTANCE=0, RESOURCE_ID=android:id/search_src_text]
[debug] [AndroidBootstrap] [BOOTSTRAP LOG] [debug] Returning result: {"status":0,"value":{"ELEMENT":"81"}}
[debug] [AndroidBootstrap] Received command result from bootstrap
[debug] [MJSONWP] Responding to client with driver.findElement() result: {"ELEMENT":"81"}
[HTTP] <-- POST /wd/hub/session/6d28dc6e-8969-495c-9f05-2f1e2144267d/element 200 674 ms - 88 
[HTTP] --> POST /wd/hub/session/6d28dc6e-8969-495c-9f05-2f1e2144267d/element {"using":"id","value":"android:id/search_src_text"}
[debug] [MJSONWP] Calling AppiumDriver.findElement() with args: ["id","android:id/search_src_text","6d28dc6e-8969-495c-9f05-2f1e2144267d"]
[debug] [BaseDriver] Valid locator strategies for this request: xpath, id, class name, accessibility id, -android uiautomator
[debug] [BaseDriver] Valid locator strategies for this request: xpath, id, class name, accessibility id, -android uiautomator
[debug] [BaseDriver] Waiting up to 80000 ms for condition
[debug] [AndroidBootstrap] Sending command to android: {"cmd":"action","action":"find","params":{"strategy":"id","selector":"android:id/search_src_text","context":"","multiple":false}}
[debug] [AndroidBootstrap] [BOOTSTRAP LOG] [debug] Got data from client: {"cmd":"action","action":"find","params":{"strategy":"id","selector":"android:id/search_src_text","context":"","multiple":false}}
[debug] [AndroidBootstrap] [BOOTSTRAP LOG] [debug] Got command of type ACTION
[debug] [AndroidBootstrap] [BOOTSTRAP LOG] [debug] Got command action: find
[debug] [AndroidBootstrap] [BOOTSTRAP LOG] [debug] Finding 'android:id/search_src_text' using 'ID' with the contextId: '' multiple: false
[debug] [AndroidBootstrap] [BOOTSTRAP LOG] [debug] Using: UiSelector[INSTANCE=0, RESOURCE_ID=android:id/search_src_text]
[debug] [AndroidBootstrap] [BOOTSTRAP LOG] [debug] Returning result: {"status":0,"value":{"ELEMENT":"82"}}
[debug] [AndroidBootstrap] Received command result from bootstrap
[debug] [MJSONWP] Responding to client with driver.findElement() result: {"ELEMENT":"82"}
[HTTP] <-- POST /wd/hub/session/6d28dc6e-8969-495c-9f05-2f1e2144267d/element 200 40 ms - 88 
[HTTP] --> POST /wd/hub/session/6d28dc6e-8969-495c-9f05-2f1e2144267d/element {"using":"id","value":"android:id/search_src_text"}
[debug] [MJSONWP] Calling AppiumDriver.findElement() with args: ["id","android:id/search_src_text","6d28dc6e-8969-495c-9f05-2f1e2144267d"]
[debug] [BaseDriver] Valid locator strategies for this request: xpath, id, class name, accessibility id, -android uiautomator
[debug] [BaseDriver] Valid locator strategies for this request: xpath, id, class name, accessibility id, -android uiautomator
[debug] [BaseDriver] Waiting up to 80000 ms for condition
[debug] [AndroidBootstrap] Sending command to android: {"cmd":"action","action":"find","params":{"strategy":"id","selector":"android:id/search_src_text","context":"","multiple":false}}
[debug] [AndroidBootstrap] [BOOTSTRAP LOG] [debug] Got data from client: {"cmd":"action","action":"find","params":{"strategy":"id","selector":"android:id/search_src_text","context":"","multiple":false}}
[debug] [AndroidBootstrap] [BOOTSTRAP LOG] [debug] Got command of type ACTION
[debug] [AndroidBootstrap] [BOOTSTRAP LOG] [debug] Got command action: find
[debug] [AndroidBootstrap] [BOOTSTRAP LOG] [debug] Finding 'android:id/search_src_text' using 'ID' with the contextId: '' multiple: false
[debug] [AndroidBootstrap] [BOOTSTRAP LOG] [debug] Using: UiSelector[INSTANCE=0, RESOURCE_ID=android:id/search_src_text]
[debug] [AndroidBootstrap] [BOOTSTRAP LOG] [debug] Returning result: {"status":0,"value":{"ELEMENT":"83"}}
[debug] [AndroidBootstrap] Received command result from bootstrap
[debug] [MJSONWP] Responding to client with driver.findElement() result: {"ELEMENT":"83"}
[HTTP] <-- POST /wd/hub/session/6d28dc6e-8969-495c-9f05-2f1e2144267d/element 200 57 ms - 88 
[HTTP] --> POST /wd/hub/session/6d28dc6e-8969-495c-9f05-2f1e2144267d/element {"using":"id","value":"android:id/search_src_text"}
[debug] [MJSONWP] Calling AppiumDriver.findElement() with args: ["id","android:id/search_src_text","6d28dc6e-8969-495c-9f05-2f1e2144267d"]
[debug] [BaseDriver] Valid locator strategies for this request: xpath, id, class name, accessibility id, -android uiautomator
[debug] [BaseDriver] Valid locator strategies for this request: xpath, id, class name, accessibility id, -android uiautomator
[debug] [BaseDriver] Waiting up to 80000 ms for condition
[debug] [AndroidBootstrap] Sending command to android: {"cmd":"action","action":"find","params":{"strategy":"id","selector":"android:id/search_src_text","context":"","multiple":false}}
[debug] [AndroidBootstrap] [BOOTSTRAP LOG] [debug] Got data from client: {"cmd":"action","action":"find","params":{"strategy":"id","selector":"android:id/search_src_text","context":"","multiple":false}}
[debug] [AndroidBootstrap] [BOOTSTRAP LOG] [debug] Got command of type ACTION
[debug] [AndroidBootstrap] [BOOTSTRAP LOG] [debug] Got command action: find
[debug] [AndroidBootstrap] [BOOTSTRAP LOG] [debug] Finding 'android:id/search_src_text' using 'ID' with the contextId: '' multiple: false
[debug] [AndroidBootstrap] [BOOTSTRAP LOG] [debug] Using: UiSelector[INSTANCE=0, RESOURCE_ID=android:id/search_src_text]
[debug] [AndroidBootstrap] [BOOTSTRAP LOG] [debug] Returning result: {"status":0,"value":{"ELEMENT":"84"}}
[debug] [AndroidBootstrap] Received command result from bootstrap
[debug] [MJSONWP] Responding to client with driver.findElement() result: {"ELEMENT":"84"}
[HTTP] <-- POST /wd/hub/session/6d28dc6e-8969-495c-9f05-2f1e2144267d/element 200 54 ms - 88 
[HTTP] --> POST /wd/hub/session/6d28dc6e-8969-495c-9f05-2f1e2144267d/element/84/clear {"id":"84"}
[debug] [MJSONWP] Calling AppiumDriver.clear() with args: ["84","6d28dc6e-8969-495c-9f05-2f1e2144267d"]
[debug] [AndroidBootstrap] Sending command to android: {"cmd":"action","action":"element:getText","params":{"elementId":"84"}}
[debug] [AndroidBootstrap] [BOOTSTRAP LOG] [debug] Got data from client: {"cmd":"action","action":"element:getText","params":{"elementId":"84"}}
[debug] [AndroidBootstrap] [BOOTSTRAP LOG] [debug] Got command of type ACTION
[debug] [AndroidBootstrap] [BOOTSTRAP LOG] [debug] Got command action: getText
[debug] [AndroidBootstrap] [BOOTSTRAP LOG] [debug] Returning result: {"status":0,"value":"Search"}
[debug] [AndroidBootstrap] Received command result from bootstrap
[debug] [AndroidBootstrap] Sending command to android: {"cmd":"action","action":"element:click","params":{"elementId":"84"}}
[debug] [AndroidBootstrap] [BOOTSTRAP LOG] [debug] Got data from client: {"cmd":"action","action":"element:click","params":{"elementId":"84"}}
[debug] [AndroidBootstrap] [BOOTSTRAP LOG] [debug] Got command of type ACTION
[debug] [AndroidBootstrap] [BOOTSTRAP LOG] [debug] Got command action: click
[debug] [AndroidBootstrap] [BOOTSTRAP LOG] [debug] Returning result: {"status":0,"value":true}
[debug] [AndroidBootstrap] Received command result from bootstrap
[debug] [AndroidDriver] Sending up to 6 clear characters to device
[debug] [AndroidDriver] Sending 6 clear characters to device
[debug] [ADB] Clearing up to 6 characters
[debug] [ADB] Getting connected devices...
[debug] [ADB] 1 device(s) connected
[debug] [ADB] Running 'C:\Users\Ahmer\AppData\Local\Android\Sdk\platform-tools\adb.exe' with args: ["-P",5038,"-s","55e9b522","shell","input","keyevent","67","112","67","112","67","112","67","112","67","112","67","112"]
[debug] [MJSONWP] Responding to client with driver.clear() result: null
[HTTP] <-- POST /wd/hub/session/6d28dc6e-8969-495c-9f05-2f1e2144267d/element/84/clear 200 5207 ms - 76 
[HTTP] --> POST /wd/hub/session/6d28dc6e-8969-495c-9f05-2f1e2144267d/element/84/value {"id":"84","value":["kisan"]}
[debug] [MJSONWP] Calling AppiumDriver.setValue() with args: [["kisan"],"84","6d28dc6e-8969-495c-9f05-2f1e2144267d"]
[debug] [AndroidBootstrap] Sending command to android: {"cmd":"action","action":"element:setText","params":{"elementId":"84","text":"kisan","replace":false}}
[debug] [AndroidBootstrap] [BOOTSTRAP LOG] [debug] Got data from client: {"cmd":"action","action":"element:setText","params":{"elementId":"84","text":"kisan","replace":false}}
[debug] [AndroidBootstrap] [BOOTSTRAP LOG] [debug] Got command of type ACTION
[debug] [AndroidBootstrap] [BOOTSTRAP LOG] [debug] Got command action: setText
[debug] [AndroidBootstrap] [BOOTSTRAP LOG] [debug] Using element passed in: 84
[debug] [AndroidBootstrap] [BOOTSTRAP LOG] [debug] Attempting to clear using UiObject.clearText().
[debug] [AndroidBootstrap] [BOOTSTRAP LOG] [debug] Text remains after clearing, but it appears to be hint text.
[debug] [AndroidBootstrap] [BOOTSTRAP LOG] [debug] Text not cleared. Assuming remainder is hint text.
[debug] [AndroidBootstrap] [BOOTSTRAP LOG] [debug] Sending plain text to element: kisan
[debug] [AndroidBootstrap] [BOOTSTRAP LOG] [debug] Returning result: {"status":0,"value":true}
[debug] [AndroidBootstrap] Received command result from bootstrap
[debug] [MJSONWP] Responding to client with driver.setValue() result: true
[HTTP] <-- POST /wd/hub/session/6d28dc6e-8969-495c-9f05-2f1e2144267d/element/84/value 200 5182 ms - 76 
[HTTP] --> POST /wd/hub/session/6d28dc6e-8969-495c-9f05-2f1e2144267d/appium/device/press_keycode {"keycode":66}
[debug] [MJSONWP] Calling AppiumDriver.pressKeyCode() with args: [66,null,null,null,"6d28dc6e-8969-495c-9f05-2f1e2144267d"]
[debug] [AndroidBootstrap] Sending command to android: {"cmd":"action","action":"pressKeyCode","params":{"keycode":66,"metastate":null}}
[debug] [AndroidBootstrap] [BOOTSTRAP LOG] [debug] Got data from client: {"cmd":"action","action":"pressKeyCode","params":{"keycode":66,"metastate":null}}
[debug] [AndroidBootstrap] [BOOTSTRAP LOG] [debug] Got command of type ACTION
[debug] [AndroidBootstrap] [BOOTSTRAP LOG] [debug] Got command action: pressKeyCode
[debug] [AndroidBootstrap] [BOOTSTRAP LOG] [debug] Returning result: {"status":0,"value":true}
[debug] [AndroidBootstrap] Received command result from bootstrap
[debug] [MJSONWP] Responding to client with driver.pressKeyCode() result: true
[HTTP] <-- POST /wd/hub/session/6d28dc6e-8969-495c-9f05-2f1e2144267d/appium/device/press_keycode 200 515 ms - 76 
[HTTP] --> POST /wd/hub/session/6d28dc6e-8969-495c-9f05-2f1e2144267d/element {"using":"id","value":"com.climate.farmrise:id/sorry_txt"}
[debug] [MJSONWP] Calling AppiumDriver.findElement() with args: ["id","com.climate.farmrise:id/sorry_txt","6d28dc6e-8969-495c-9f05-2f1e2144267d"]
[debug] [BaseDriver] Valid locator strategies for this request: xpath, id, class name, accessibility id, -android uiautomator
[debug] [BaseDriver] Valid locator strategies for this request: xpath, id, class name, accessibility id, -android uiautomator
[debug] [BaseDriver] Waiting up to 80000 ms for condition
[debug] [AndroidBootstrap] Sending command to android: {"cmd":"action","action":"find","params":{"strategy":"id","selector":"com.climate.farmrise:id/sorry_txt","context":"","multiple":false}}
[debug] [AndroidBootstrap] [BOOTSTRAP LOG] [debug] Got data from client: {"cmd":"action","action":"find","params":{"strategy":"id","selector":"com.climate.farmrise:id/sorry_txt","context":"","multiple":false}}
[debug] [AndroidBootstrap] [BOOTSTRAP LOG] [debug] Got command of type ACTION
[debug] [AndroidBootstrap] [BOOTSTRAP LOG] [debug] Got command action: find
[debug] [AndroidBootstrap] [BOOTSTRAP LOG] [debug] Finding 'com.climate.farmrise:id/sorry_txt' using 'ID' with the contextId: '' multiple: false
[debug] [AndroidBootstrap] [BOOTSTRAP LOG] [debug] Using: UiSelector[INSTANCE=0, RESOURCE_ID=com.climate.farmrise:id/sorry_txt]
[debug] [AndroidBootstrap] [BOOTSTRAP LOG] [debug] Failed to locate element. Clearing Accessibility cache and retrying.
[debug] [AndroidBootstrap] [BOOTSTRAP LOG] [debug] Finding 'com.climate.farmrise:id/sorry_txt' using 'ID' with the contextId: '' multiple: false
[debug] [AndroidBootstrap] [BOOTSTRAP LOG] [debug] Using: UiSelector[INSTANCE=0, RESOURCE_ID=com.climate.farmrise:id/sorry_txt]
[debug] [AndroidBootstrap] [BOOTSTRAP LOG] [debug] Returning result: {"status":7,"value":"No element found"}
[debug] [AndroidBootstrap] Received command result from bootstrap
[debug] [BaseDriver] Waited for 562 ms so far
[debug] [AndroidBootstrap] Sending command to android: {"cmd":"action","action":"find","params":{"strategy":"id","selector":"com.climate.farmrise:id/sorry_txt","context":"","multiple":false}}
[debug] [AndroidBootstrap] [BOOTSTRAP LOG] [debug] Got data from client: {"cmd":"action","action":"find","params":{"strategy":"id","selector":"com.climate.farmrise:id/sorry_txt","context":"","multiple":false}}
[debug] [AndroidBootstrap] [BOOTSTRAP LOG] [debug] Got command of type ACTION
[debug] [AndroidBootstrap] [BOOTSTRAP LOG] [debug] Got command action: find
[debug] [AndroidBootstrap] [BOOTSTRAP LOG] [debug] Finding 'com.climate.farmrise:id/sorry_txt' using 'ID' with the contextId: '' multiple: false
[debug] [AndroidBootstrap] [BOOTSTRAP LOG] [debug] Using: UiSelector[INSTANCE=0, RESOURCE_ID=com.climate.farmrise:id/sorry_txt]
[debug] [AndroidBootstrap] [BOOTSTRAP LOG] [debug] Failed to locate element. Clearing Accessibility cache and retrying.
[debug] [AndroidBootstrap] [BOOTSTRAP LOG] [debug] Finding 'com.climate.farmrise:id/sorry_txt' using 'ID' with the contextId: '' multiple: false
[debug] [AndroidBootstrap] [BOOTSTRAP LOG] [debug] Using: UiSelector[INSTANCE=0, RESOURCE_ID=com.climate.farmrise:id/sorry_txt]
[debug] [AndroidBootstrap] [BOOTSTRAP LOG] [debug] Returning result: {"status":7,"value":"No element found"}
[debug] [AndroidBootstrap] Received command result from bootstrap
[debug] [BaseDriver] Waited for 1366 ms so far
[debug] [AndroidBootstrap] Sending command to android: {"cmd":"action","action":"find","params":{"strategy":"id","selector":"com.climate.farmrise:id/sorry_txt","context":"","multiple":false}}
[debug] [AndroidBootstrap] [BOOTSTRAP LOG] [debug] Got data from client: {"cmd":"action","action":"find","params":{"strategy":"id","selector":"com.climate.farmrise:id/sorry_txt","context":"","multiple":false}}
[debug] [AndroidBootstrap] [BOOTSTRAP LOG] [debug] Got command of type ACTION
[debug] [AndroidBootstrap] [BOOTSTRAP LOG] [debug] Got command action: find
[debug] [AndroidBootstrap] [BOOTSTRAP LOG] [debug] Finding 'com.climate.farmrise:id/sorry_txt' using 'ID' with the contextId: '' multiple: false
[debug] [AndroidBootstrap] [BOOTSTRAP LOG] [debug] Using: UiSelector[INSTANCE=0, RESOURCE_ID=com.climate.farmrise:id/sorry_txt]
[debug] [AndroidBootstrap] [BOOTSTRAP LOG] [debug] Failed to locate element. Clearing Accessibility cache and retrying.
[debug] [AndroidBootstrap] [BOOTSTRAP LOG] [debug] Finding 'com.climate.farmrise:id/sorry_txt' using 'ID' with the contextId: '' multiple: false
[debug] [AndroidBootstrap] [BOOTSTRAP LOG] [debug] Using: UiSelector[INSTANCE=0, RESOURCE_ID=com.climate.farmrise:id/sorry_txt]
[debug] [AndroidBootstrap] [BOOTSTRAP LOG] [debug] Returning result: {"status":7,"value":"No element found"}
[debug] [AndroidBootstrap] Received command result from bootstrap
[debug] [BaseDriver] Waited for 2162 ms so far
[debug] [AndroidBootstrap] Sending command to android: {"cmd":"action","action":"find","params":{"strategy":"id","selector":"com.climate.farmrise:id/sorry_txt","context":"","multiple":false}}
[debug] [AndroidBootstrap] [BOOTSTRAP LOG] [debug] Got data from client: {"cmd":"action","action":"find","params":{"strategy":"id","selector":"com.climate.farmrise:id/sorry_txt","context":"","multiple":false}}
[debug] [AndroidBootstrap] [BOOTSTRAP LOG] [debug] Got command of type ACTION
[debug] [AndroidBootstrap] [BOOTSTRAP LOG] [debug] Got command action: find
[debug] [AndroidBootstrap] [BOOTSTRAP LOG] [debug] Finding 'com.climate.farmrise:id/sorry_txt' using 'ID' with the contextId: '' multiple: false
[debug] [AndroidBootstrap] [BOOTSTRAP LOG] [debug] Using: UiSelector[INSTANCE=0, RESOURCE_ID=com.climate.farmrise:id/sorry_txt]
[debug] [AndroidBootstrap] [BOOTSTRAP LOG] [debug] Failed to locate element. Clearing Accessibility cache and retrying.
[debug] [AndroidBootstrap] [BOOTSTRAP LOG] [debug] Finding 'com.climate.farmrise:id/sorry_txt' using 'ID' with the contextId: '' multiple: false
[debug] [AndroidBootstrap] [BOOTSTRAP LOG] [debug] Using: UiSelector[INSTANCE=0, RESOURCE_ID=com.climate.farmrise:id/sorry_txt]
[debug] [AndroidBootstrap] [BOOTSTRAP LOG] [debug] Returning result: {"status":7,"value":"No element found"}
[debug] [AndroidBootstrap] Received command result from bootstrap
[debug] [BaseDriver] Waited for 2802 ms so far
[debug] [AndroidBootstrap] Sending command to android: {"cmd":"action","action":"find","params":{"strategy":"id","selector":"com.climate.farmrise:id/sorry_txt","context":"","multiple":false}}
[debug] [AndroidBootstrap] [BOOTSTRAP LOG] [debug] Got data from client: {"cmd":"action","action":"find","params":{"strategy":"id","selector":"com.climate.farmrise:id/sorry_txt","context":"","multiple":false}}
[debug] [AndroidBootstrap] [BOOTSTRAP LOG] [debug] Got command of type ACTION
[debug] [AndroidBootstrap] [BOOTSTRAP LOG] [debug] Got command action: find
[debug] [AndroidBootstrap] [BOOTSTRAP LOG] [debug] Finding 'com.climate.farmrise:id/sorry_txt' using 'ID' with the contextId: '' multiple: false
[debug] [AndroidBootstrap] [BOOTSTRAP LOG] [debug] Using: UiSelector[INSTANCE=0, RESOURCE_ID=com.climate.farmrise:id/sorry_txt]
[debug] [AndroidBootstrap] [BOOTSTRAP LOG] [debug] Failed to locate element. Clearing Accessibility cache and retrying.
[debug] [AndroidBootstrap] [BOOTSTRAP LOG] [debug] Finding 'com.climate.farmrise:id/sorry_txt' using 'ID' with the contextId: '' multiple: false
[debug] [AndroidBootstrap] [BOOTSTRAP LOG] [debug] Using: UiSelector[INSTANCE=0, RESOURCE_ID=com.climate.farmrise:id/sorry_txt]
[debug] [AndroidBootstrap] [BOOTSTRAP LOG] [debug] Returning result: {"status":7,"value":"No element found"}
[debug] [AndroidBootstrap] Received command result from bootstrap
[debug] [BaseDriver] Waited for 3381 ms so far
[debug] [AndroidBootstrap] Sending command to android: {"cmd":"action","action":"find","params":{"strategy":"id","selector":"com.climate.farmrise:id/sorry_txt","context":"","multiple":false}}
[debug] [AndroidBootstrap] [BOOTSTRAP LOG] [debug] Got data from client: {"cmd":"action","action":"find","params":{"strategy":"id","selector":"com.climate.farmrise:id/sorry_txt","context":"","multiple":false}}
[debug] [AndroidBootstrap] [BOOTSTRAP LOG] [debug] Got command of type ACTION
[debug] [AndroidBootstrap] [BOOTSTRAP LOG] [debug] Got command action: find
[debug] [AndroidBootstrap] [BOOTSTRAP LOG] [debug] Finding 'com.climate.farmrise:id/sorry_txt' using 'ID' with the contextId: '' multiple: false
[debug] [AndroidBootstrap] [BOOTSTRAP LOG] [debug] Using: UiSelector[INSTANCE=0, RESOURCE_ID=com.climate.farmrise:id/sorry_txt]
[debug] [AndroidBootstrap] [BOOTSTRAP LOG] [debug] Failed to locate element. Clearing Accessibility cache and retrying.
[debug] [AndroidBootstrap] [BOOTSTRAP LOG] [debug] Finding 'com.climate.farmrise:id/sorry_txt' using 'ID' with the contextId: '' multiple: false
[debug] [AndroidBootstrap] [BOOTSTRAP LOG] [debug] Using: UiSelector[INSTANCE=0, RESOURCE_ID=com.climate.farmrise:id/sorry_txt]
[debug] [AndroidBootstrap] [BOOTSTRAP LOG] [debug] Returning result: {"status":7,"value":"No element found"}
[debug] [AndroidBootstrap] Received command result from bootstrap
[debug] [BaseDriver] Waited for 3967 ms so far
[debug] [AndroidBootstrap] Sending command to android: {"cmd":"action","action":"find","params":{"strategy":"id","selector":"com.climate.farmrise:id/sorry_txt","context":"","multiple":false}}
[debug] [AndroidBootstrap] [BOOTSTRAP LOG] [debug] Got data from client: {"cmd":"action","action":"find","params":{"strategy":"id","selector":"com.climate.farmrise:id/sorry_txt","context":"","multiple":false}}
[debug] [AndroidBootstrap] [BOOTSTRAP LOG] [debug] Got command of type ACTION
[debug] [AndroidBootstrap] [BOOTSTRAP LOG] [debug] Got command action: find
[debug] [AndroidBootstrap] [BOOTSTRAP LOG] [debug] Finding 'com.climate.farmrise:id/sorry_txt' using 'ID' with the contextId: '' multiple: false
[debug] [AndroidBootstrap] [BOOTSTRAP LOG] [debug] Using: UiSelector[INSTANCE=0, RESOURCE_ID=com.climate.farmrise:id/sorry_txt]
[debug] [AndroidBootstrap] [BOOTSTRAP LOG] [debug] Failed to locate element. Clearing Accessibility cache and retrying.
[debug] [AndroidBootstrap] [BOOTSTRAP LOG] [debug] Finding 'com.climate.farmrise:id/sorry_txt' using 'ID' with the contextId: '' multiple: false
[debug] [AndroidBootstrap] [BOOTSTRAP LOG] [debug] Using: UiSelector[INSTANCE=0, RESOURCE_ID=com.climate.farmrise:id/sorry_txt]
[debug] [AndroidBootstrap] [BOOTSTRAP LOG] [debug] Returning result: {"status":7,"value":"No element found"}
[debug] [AndroidBootstrap] Received command result from bootstrap
[debug] [BaseDriver] Waited for 4730 ms so far
[debug] [AndroidBootstrap] Sending command to android: {"cmd":"action","action":"find","params":{"strategy":"id","selector":"com.climate.farmrise:id/sorry_txt","context":"","multiple":false}}
[debug] [AndroidBootstrap] [BOOTSTRAP LOG] [debug] Got data from client: {"cmd":"action","action":"find","params":{"strategy":"id","selector":"com.climate.farmrise:id/sorry_txt","context":"","multiple":false}}
[debug] [AndroidBootstrap] [BOOTSTRAP LOG] [debug] Got command of type ACTION
[debug] [AndroidBootstrap] [BOOTSTRAP LOG] [debug] Got command action: find
[debug] [AndroidBootstrap] [BOOTSTRAP LOG] [debug] Finding 'com.climate.farmrise:id/sorry_txt' using 'ID' with the contextId: '' multiple: false
[debug] [AndroidBootstrap] [BOOTSTRAP LOG] [debug] Using: UiSelector[INSTANCE=0, RESOURCE_ID=com.climate.farmrise:id/sorry_txt]
[debug] [AndroidBootstrap] [BOOTSTRAP LOG] [debug] Failed to locate element. Clearing Accessibility cache and retrying.
[debug] [AndroidBootstrap] [BOOTSTRAP LOG] [debug] Finding 'com.climate.farmrise:id/sorry_txt' using 'ID' with the contextId: '' multiple: false
[debug] [AndroidBootstrap] [BOOTSTRAP LOG] [debug] Using: UiSelector[INSTANCE=0, RESOURCE_ID=com.climate.farmrise:id/sorry_txt]
[debug] [AndroidBootstrap] [BOOTSTRAP LOG] [debug] Returning result: {"status":7,"value":"No element found"}
[debug] [AndroidBootstrap] Received command result from bootstrap
[debug] [BaseDriver] Waited for 5330 ms so far
[debug] [AndroidBootstrap] Sending command to android: {"cmd":"action","action":"find","params":{"strategy":"id","selector":"com.climate.farmrise:id/sorry_txt","context":"","multiple":false}}
[debug] [AndroidBootstrap] [BOOTSTRAP LOG] [debug] Got data from client: {"cmd":"action","action":"find","params":{"strategy":"id","selector":"com.climate.farmrise:id/sorry_txt","context":"","multiple":false}}
[debug] [AndroidBootstrap] [BOOTSTRAP LOG] [debug] Got command of type ACTION
[debug] [AndroidBootstrap] [BOOTSTRAP LOG] [debug] Got command action: find
[debug] [AndroidBootstrap] [BOOTSTRAP LOG] [debug] Finding 'com.climate.farmrise:id/sorry_txt' using 'ID' with the contextId: '' multiple: false
[debug] [AndroidBootstrap] [BOOTSTRAP LOG] [debug] Using: UiSelector[INSTANCE=0, RESOURCE_ID=com.climate.farmrise:id/sorry_txt]
[debug] [AndroidBootstrap] [BOOTSTRAP LOG] [debug] Failed to locate element. Clearing Accessibility cache and retrying.
[debug] [AndroidBootstrap] [BOOTSTRAP LOG] [debug] Finding 'com.climate.farmrise:id/sorry_txt' using 'ID' with the contextId: '' multiple: false
[debug] [AndroidBootstrap] [BOOTSTRAP LOG] [debug] Using: UiSelector[INSTANCE=0, RESOURCE_ID=com.climate.farmrise:id/sorry_txt]
[debug] [AndroidBootstrap] [BOOTSTRAP LOG] [debug] Returning result: {"status":7,"value":"No element found"}
[debug] [AndroidBootstrap] Received command result from bootstrap
[debug] [BaseDriver] Waited for 5930 ms so far
[debug] [AndroidBootstrap] Sending command to android: {"cmd":"action","action":"find","params":{"strategy":"id","selector":"com.climate.farmrise:id/sorry_txt","context":"","multiple":false}}
[debug] [AndroidBootstrap] [BOOTSTRAP LOG] [debug] Got data from client: {"cmd":"action","action":"find","params":{"strategy":"id","selector":"com.climate.farmrise:id/sorry_txt","context":"","multiple":false}}
[debug] [AndroidBootstrap] [BOOTSTRAP LOG] [debug] Got command of type ACTION
[debug] [AndroidBootstrap] [BOOTSTRAP LOG] [debug] Got command action: find
[debug] [AndroidBootstrap] [BOOTSTRAP LOG] [debug] Finding 'com.climate.farmrise:id/sorry_txt' using 'ID' with the contextId: '' multiple: false
[debug] [AndroidBootstrap] [BOOTSTRAP LOG] [debug] Using: UiSelector[INSTANCE=0, RESOURCE_ID=com.climate.farmrise:id/sorry_txt]
[debug] [AndroidBootstrap] [BOOTSTRAP LOG] [debug] Failed to locate element. Clearing Accessibility cache and retrying.
[debug] [AndroidBootstrap] [BOOTSTRAP LOG] [debug] Finding 'com.climate.farmrise:id/sorry_txt' using 'ID' with the contextId: '' multiple: false
[debug] [AndroidBootstrap] [BOOTSTRAP LOG] [debug] Using: UiSelector[INSTANCE=0, RESOURCE_ID=com.climate.farmrise:id/sorry_txt]
[debug] [AndroidBootstrap] [BOOTSTRAP LOG] [debug] Returning result: {"status":7,"value":"No element found"}
[debug] [AndroidBootstrap] Received command result from bootstrap
[debug] [BaseDriver] Waited for 6527 ms so far
[debug] [AndroidBootstrap] Sending command to android: {"cmd":"action","action":"find","params":{"strategy":"id","selector":"com.climate.farmrise:id/sorry_txt","context":"","multiple":false}}
[debug] [AndroidBootstrap] [BOOTSTRAP LOG] [debug] Got data from client: {"cmd":"action","action":"find","params":{"strategy":"id","selector":"com.climate.farmrise:id/sorry_txt","context":"","multiple":false}}
[debug] [AndroidBootstrap] [BOOTSTRAP LOG] [debug] Got command of type ACTION
[debug] [AndroidBootstrap] [BOOTSTRAP LOG] [debug] Got command action: find
[debug] [AndroidBootstrap] [BOOTSTRAP LOG] [debug] Finding 'com.climate.farmrise:id/sorry_txt' using 'ID' with the contextId: '' multiple: false
[debug] [AndroidBootstrap] [BOOTSTRAP LOG] [debug] Using: UiSelector[INSTANCE=0, RESOURCE_ID=com.climate.farmrise:id/sorry_txt]
[debug] [AndroidBootstrap] [BOOTSTRAP LOG] [debug] Failed to locate element. Clearing Accessibility cache and retrying.
[debug] [AndroidBootstrap] [BOOTSTRAP LOG] [debug] Finding 'com.climate.farmrise:id/sorry_txt' using 'ID' with the contextId: '' multiple: false
[debug] [AndroidBootstrap] [BOOTSTRAP LOG] [debug] Using: UiSelector[INSTANCE=0, RESOURCE_ID=com.climate.farmrise:id/sorry_txt]
[debug] [AndroidBootstrap] [BOOTSTRAP LOG] [debug] Returning result: {"status":7,"value":"No element found"}
[debug] [AndroidBootstrap] Received command result from bootstrap
[debug] [BaseDriver] Waited for 7128 ms so far
[debug] [AndroidBootstrap] Sending command to android: {"cmd":"action","action":"find","params":{"strategy":"id","selector":"com.climate.farmrise:id/sorry_txt","context":"","multiple":false}}
[debug] [AndroidBootstrap] [BOOTSTRAP LOG] [debug] Got data from client: {"cmd":"action","action":"find","params":{"strategy":"id","selector":"com.climate.farmrise:id/sorry_txt","context":"","multiple":false}}
[debug] [AndroidBootstrap] [BOOTSTRAP LOG] [debug] Got command of type ACTION
[debug] [AndroidBootstrap] [BOOTSTRAP LOG] [debug] Got command action: find
[debug] [AndroidBootstrap] [BOOTSTRAP LOG] [debug] Finding 'com.climate.farmrise:id/sorry_txt' using 'ID' with the contextId: '' multiple: false
[debug] [AndroidBootstrap] [BOOTSTRAP LOG] [debug] Using: UiSelector[INSTANCE=0, RESOURCE_ID=com.climate.farmrise:id/sorry_txt]
[debug] [AndroidBootstrap] [BOOTSTRAP LOG] [debug] Failed to locate element. Clearing Accessibility cache and retrying.
[debug] [AndroidBootstrap] [BOOTSTRAP LOG] [debug] Finding 'com.climate.farmrise:id/sorry_txt' using 'ID' with the contextId: '' multiple: false
[debug] [AndroidBootstrap] [BOOTSTRAP LOG] [debug] Using: UiSelector[INSTANCE=0, RESOURCE_ID=com.climate.farmrise:id/sorry_txt]
[debug] [AndroidBootstrap] [BOOTSTRAP LOG] [debug] Returning result: {"status":7,"value":"No element found"}
[debug] [AndroidBootstrap] Received command result from bootstrap
[debug] [BaseDriver] Waited for 7743 ms so far
[debug] [AndroidBootstrap] Sending command to android: {"cmd":"action","action":"find","params":{"strategy":"id","selector":"com.climate.farmrise:id/sorry_txt","context":"","multiple":false}}
[debug] [AndroidBootstrap] [BOOTSTRAP LOG] [debug] Got data from client: {"cmd":"action","action":"find","params":{"strategy":"id","selector":"com.climate.farmrise:id/sorry_txt","context":"","multiple":false}}
[debug] [AndroidBootstrap] [BOOTSTRAP LOG] [debug] Got command of type ACTION
[debug] [AndroidBootstrap] [BOOTSTRAP LOG] [debug] Got command action: find
[debug] [AndroidBootstrap] [BOOTSTRAP LOG] [debug] Finding 'com.climate.farmrise:id/sorry_txt' using 'ID' with the contextId: '' multiple: false
[debug] [AndroidBootstrap] [BOOTSTRAP LOG] [debug] Using: UiSelector[INSTANCE=0, RESOURCE_ID=com.climate.farmrise:id/sorry_txt]
[debug] [AndroidBootstrap] [BOOTSTRAP LOG] [debug] Failed to locate element. Clearing Accessibility cache and retrying.
[debug] [AndroidBootstrap] [BOOTSTRAP LOG] [debug] Finding 'com.climate.farmrise:id/sorry_txt' using 'ID' with the contextId: '' multiple: false
[debug] [AndroidBootstrap] [BOOTSTRAP LOG] [debug] Using: UiSelector[INSTANCE=0, RESOURCE_ID=com.climate.farmrise:id/sorry_txt]
[debug] [AndroidBootstrap] [BOOTSTRAP LOG] [debug] Returning result: {"status":7,"value":"No element found"}
[debug] [AndroidBootstrap] Received command result from bootstrap
[debug] [BaseDriver] Waited for 8340 ms so far
[debug] [AndroidBootstrap] Sending command to android: {"cmd":"action","action":"find","params":{"strategy":"id","selector":"com.climate.farmrise:id/sorry_txt","context":"","multiple":false}}
[debug] [AndroidBootstrap] [BOOTSTRAP LOG] [debug] Got data from client: {"cmd":"action","action":"find","params":{"strategy":"id","selector":"com.climate.farmrise:id/sorry_txt","context":"","multiple":false}}
[debug] [AndroidBootstrap] [BOOTSTRAP LOG] [debug] Got command of type ACTION
[debug] [AndroidBootstrap] [BOOTSTRAP LOG] [debug] Got command action: find
[debug] [AndroidBootstrap] [BOOTSTRAP LOG] [debug] Finding 'com.climate.farmrise:id/sorry_txt' using 'ID' with the contextId: '' multiple: false
[debug] [AndroidBootstrap] [BOOTSTRAP LOG] [debug] Using: UiSelector[INSTANCE=0, RESOURCE_ID=com.climate.farmrise:id/sorry_txt]
[debug] [AndroidBootstrap] [BOOTSTRAP LOG] [debug] Failed to locate element. Clearing Accessibility cache and retrying.
[debug] [AndroidBootstrap] [BOOTSTRAP LOG] [debug] Finding 'com.climate.farmrise:id/sorry_txt' using 'ID' with the contextId: '' multiple: false
[debug] [AndroidBootstrap] [BOOTSTRAP LOG] [debug] Using: UiSelector[INSTANCE=0, RESOURCE_ID=com.climate.farmrise:id/sorry_txt]
[debug] [AndroidBootstrap] [BOOTSTRAP LOG] [debug] Returning result: {"status":7,"value":"No element found"}
[debug] [AndroidBootstrap] Received command result from bootstrap
[debug] [BaseDriver] Waited for 9093 ms so far
[debug] [AndroidBootstrap] Sending command to android: {"cmd":"action","action":"find","params":{"strategy":"id","selector":"com.climate.farmrise:id/sorry_txt","context":"","multiple":false}}
[debug] [AndroidBootstrap] [BOOTSTRAP LOG] [debug] Got data from client: {"cmd":"action","action":"find","params":{"strategy":"id","selector":"com.climate.farmrise:id/sorry_txt","context":"","multiple":false}}
[debug] [AndroidBootstrap] [BOOTSTRAP LOG] [debug] Got command of type ACTION
[debug] [AndroidBootstrap] [BOOTSTRAP LOG] [debug] Got command action: find
[debug] [AndroidBootstrap] [BOOTSTRAP LOG] [debug] Finding 'com.climate.farmrise:id/sorry_txt' using 'ID' with the contextId: '' multiple: false
[debug] [AndroidBootstrap] [BOOTSTRAP LOG] [debug] Using: UiSelector[INSTANCE=0, RESOURCE_ID=com.climate.farmrise:id/sorry_txt]
[debug] [AndroidBootstrap] [BOOTSTRAP LOG] [debug] Failed to locate element. Clearing Accessibility cache and retrying.
[debug] [AndroidBootstrap] [BOOTSTRAP LOG] [debug] Finding 'com.climate.farmrise:id/sorry_txt' using 'ID' with the contextId: '' multiple: false
[debug] [AndroidBootstrap] [BOOTSTRAP LOG] [debug] Using: UiSelector[INSTANCE=0, RESOURCE_ID=com.climate.farmrise:id/sorry_txt]
[debug] [AndroidBootstrap] [BOOTSTRAP LOG] [debug] Returning result: {"status":7,"value":"No element found"}
[debug] [AndroidBootstrap] Received command result from bootstrap
[debug] [BaseDriver] Waited for 9681 ms so far
[debug] [AndroidBootstrap] Sending command to android: {"cmd":"action","action":"find","params":{"strategy":"id","selector":"com.climate.farmrise:id/sorry_txt","context":"","multiple":false}}
[debug] [AndroidBootstrap] [BOOTSTRAP LOG] [debug] Got data from client: {"cmd":"action","action":"find","params":{"strategy":"id","selector":"com.climate.farmrise:id/sorry_txt","context":"","multiple":false}}
[debug] [AndroidBootstrap] [BOOTSTRAP LOG] [debug] Got command of type ACTION
[debug] [AndroidBootstrap] [BOOTSTRAP LOG] [debug] Got command action: find
[debug] [AndroidBootstrap] [BOOTSTRAP LOG] [debug] Finding 'com.climate.farmrise:id/sorry_txt' using 'ID' with the contextId: '' multiple: false
[debug] [AndroidBootstrap] [BOOTSTRAP LOG] [debug] Using: UiSelector[INSTANCE=0, RESOURCE_ID=com.climate.farmrise:id/sorry_txt]
[debug] [AndroidBootstrap] [BOOTSTRAP LOG] [debug] Failed to locate element. Clearing Accessibility cache and retrying.
[debug] [AndroidBootstrap] Received command result from bootstrap
[debug] [BaseDriver] Waited for 10220 ms so far
[debug] [AndroidBootstrap] [BOOTSTRAP LOG] [debug] Finding 'com.climate.farmrise:id/sorry_txt' using 'ID' with the contextId: '' multiple: false
[debug] [AndroidBootstrap] [BOOTSTRAP LOG] [debug] Using: UiSelector[INSTANCE=0, RESOURCE_ID=com.climate.farmrise:id/sorry_txt]
[debug] [AndroidBootstrap] [BOOTSTRAP LOG] [debug] Returning result: {"status":7,"value":"No element found"}
[debug] [AndroidBootstrap] Sending command to android: {"cmd":"action","action":"find","params":{"strategy":"id","selector":"com.climate.farmrise:id/sorry_txt","context":"","multiple":false}}
[debug] [AndroidBootstrap] [BOOTSTRAP LOG] [debug] Got data from client: {"cmd":"action","action":"find","params":{"strategy":"id","selector":"com.climate.farmrise:id/sorry_txt","context":"","multiple":false}}
[debug] [AndroidBootstrap] [BOOTSTRAP LOG] [debug] Got command of type ACTION
[debug] [AndroidBootstrap] [BOOTSTRAP LOG] [debug] Got command action: find
[debug] [AndroidBootstrap] [BOOTSTRAP LOG] [debug] Finding 'com.climate.farmrise:id/sorry_txt' using 'ID' with the contextId: '' multiple: false
[debug] [AndroidBootstrap] [BOOTSTRAP LOG] [debug] Using: UiSelector[INSTANCE=0, RESOURCE_ID=com.climate.farmrise:id/sorry_txt]
[debug] [AndroidBootstrap] [BOOTSTRAP LOG] [debug] Failed to locate element. Clearing Accessibility cache and retrying.
[debug] [AndroidBootstrap] [BOOTSTRAP LOG] [debug] Finding 'com.climate.farmrise:id/sorry_txt' using 'ID' with the contextId: '' multiple: false
[debug] [AndroidBootstrap] [BOOTSTRAP LOG] [debug] Using: UiSelector[INSTANCE=0, RESOURCE_ID=com.climate.farmrise:id/sorry_txt]
[debug] [AndroidBootstrap] Received command result from bootstrap
[debug] [BaseDriver] Waited for 10747 ms so far
[debug] [AndroidBootstrap] [BOOTSTRAP LOG] [debug] Returning result: {"status":7,"value":"No element found"}
[debug] [AndroidBootstrap] Sending command to android: {"cmd":"action","action":"find","params":{"strategy":"id","selector":"com.climate.farmrise:id/sorry_txt","context":"","multiple":false}}
[debug] [AndroidBootstrap] [BOOTSTRAP LOG] [debug] Got data from client: {"cmd":"action","action":"find","params":{"strategy":"id","selector":"com.climate.farmrise:id/sorry_txt","context":"","multiple":false}}
[debug] [AndroidBootstrap] [BOOTSTRAP LOG] [debug] Got command of type ACTION
[debug] [AndroidBootstrap] [BOOTSTRAP LOG] [debug] Got command action: find
[debug] [AndroidBootstrap] [BOOTSTRAP LOG] [debug] Finding 'com.climate.farmrise:id/sorry_txt' using 'ID' with the contextId: '' multiple: false
[debug] [AndroidBootstrap] [BOOTSTRAP LOG] [debug] Using: UiSelector[INSTANCE=0, RESOURCE_ID=com.climate.farmrise:id/sorry_txt]
[debug] [AndroidBootstrap] Received command result from bootstrap
[debug] [BaseDriver] Waited for 11270 ms so far
[debug] [AndroidBootstrap] [BOOTSTRAP LOG] [debug] Failed to locate element. Clearing Accessibility cache and retrying.
[debug] [AndroidBootstrap] [BOOTSTRAP LOG] [debug] Finding 'com.climate.farmrise:id/sorry_txt' using 'ID' with the contextId: '' multiple: false
[debug] [AndroidBootstrap] [BOOTSTRAP LOG] [debug] Using: UiSelector[INSTANCE=0, RESOURCE_ID=com.climate.farmrise:id/sorry_txt]
[debug] [AndroidBootstrap] [BOOTSTRAP LOG] [debug] Returning result: {"status":7,"value":"No element found"}
[debug] [AndroidBootstrap] Sending command to android: {"cmd":"action","action":"find","params":{"strategy":"id","selector":"com.climate.farmrise:id/sorry_txt","context":"","multiple":false}}
[debug] [AndroidBootstrap] [BOOTSTRAP LOG] [debug] Got data from client: {"cmd":"action","action":"find","params":{"strategy":"id","selector":"com.climate.farmrise:id/sorry_txt","context":"","multiple":false}}
[debug] [AndroidBootstrap] [BOOTSTRAP LOG] [debug] Got command of type ACTION
[debug] [AndroidBootstrap] [BOOTSTRAP LOG] [debug] Got command action: find
[debug] [AndroidBootstrap] [BOOTSTRAP LOG] [debug] Finding 'com.climate.farmrise:id/sorry_txt' using 'ID' with the contextId: '' multiple: false
[debug] [AndroidBootstrap] [BOOTSTRAP LOG] [debug] Using: UiSelector[INSTANCE=0, RESOURCE_ID=com.climate.farmrise:id/sorry_txt]
[debug] [AndroidBootstrap] [BOOTSTRAP LOG] [debug] Failed to locate element. Clearing Accessibility cache and retrying.
[debug] [AndroidBootstrap] [BOOTSTRAP LOG] [debug] Finding 'com.climate.farmrise:id/sorry_txt' using 'ID' with the contextId: '' multiple: false
[debug] [AndroidBootstrap] [BOOTSTRAP LOG] [debug] Using: UiSelector[INSTANCE=0, RESOURCE_ID=com.climate.farmrise:id/sorry_txt]
[debug] [AndroidBootstrap] Received command result from bootstrap
[debug] [BaseDriver] Waited for 11799 ms so far
[debug] [AndroidBootstrap] [BOOTSTRAP LOG] [debug] Returning result: {"status":7,"value":"No element found"}
[debug] [AndroidBootstrap] Sending command to android: {"cmd":"action","action":"find","params":{"strategy":"id","selector":"com.climate.farmrise:id/sorry_txt","context":"","multiple":false}}
[debug] [AndroidBootstrap] [BOOTSTRAP LOG] [debug] Got data from client: {"cmd":"action","action":"find","params":{"strategy":"id","selector":"com.climate.farmrise:id/sorry_txt","context":"","multiple":false}}
[debug] [AndroidBootstrap] [BOOTSTRAP LOG] [debug] Got command of type ACTION
[debug] [AndroidBootstrap] [BOOTSTRAP LOG] [debug] Got command action: find
[debug] [AndroidBootstrap] [BOOTSTRAP LOG] [debug] Finding 'com.climate.farmrise:id/sorry_txt' using 'ID' with the contextId: '' multiple: false
[debug] [AndroidBootstrap] [BOOTSTRAP LOG] [debug] Using: UiSelector[INSTANCE=0, RESOURCE_ID=com.climate.farmrise:id/sorry_txt]
[debug] [AndroidBootstrap] [BOOTSTRAP LOG] [debug] Returning result: {"status":0,"value":{"ELEMENT":"85"}}
[debug] [AndroidBootstrap] Received command result from bootstrap
[debug] [MJSONWP] Responding to client with driver.findElement() result: {"ELEMENT":"85"}
[HTTP] <-- POST /wd/hub/session/6d28dc6e-8969-495c-9f05-2f1e2144267d/element 200 12881 ms - 88 
[HTTP] --> POST /wd/hub/session/6d28dc6e-8969-495c-9f05-2f1e2144267d/element {"using":"id","value":"com.climate.farmrise:id/sorry_txt"}
[debug] [MJSONWP] Calling AppiumDriver.findElement() with args: ["id","com.climate.farmrise:id/sorry_txt","6d28dc6e-8969-495c-9f05-2f1e2144267d"]
[debug] [BaseDriver] Valid locator strategies for this request: xpath, id, class name, accessibility id, -android uiautomator
[debug] [BaseDriver] Valid locator strategies for this request: xpath, id, class name, accessibility id, -android uiautomator
[debug] [BaseDriver] Waiting up to 80000 ms for condition
[debug] [AndroidBootstrap] Sending command to android: {"cmd":"action","action":"find","params":{"strategy":"id","selector":"com.climate.farmrise:id/sorry_txt","context":"","multiple":false}}
[debug] [AndroidBootstrap] [BOOTSTRAP LOG] [debug] Got data from client: {"cmd":"action","action":"find","params":{"strategy":"id","selector":"com.climate.farmrise:id/sorry_txt","context":"","multiple":false}}
[debug] [AndroidBootstrap] [BOOTSTRAP LOG] [debug] Got command of type ACTION
[debug] [AndroidBootstrap] [BOOTSTRAP LOG] [debug] Got command action: find
[debug] [AndroidBootstrap] [BOOTSTRAP LOG] [debug] Finding 'com.climate.farmrise:id/sorry_txt' using 'ID' with the contextId: '' multiple: false
[debug] [AndroidBootstrap] [BOOTSTRAP LOG] [debug] Using: UiSelector[INSTANCE=0, RESOURCE_ID=com.climate.farmrise:id/sorry_txt]
[debug] [AndroidBootstrap] [BOOTSTRAP LOG] [debug] Returning result: {"status":0,"value":{"ELEMENT":"86"}}
[debug] [AndroidBootstrap] Received command result from bootstrap
[debug] [MJSONWP] Responding to client with driver.findElement() result: {"ELEMENT":"86"}
[HTTP] <-- POST /wd/hub/session/6d28dc6e-8969-495c-9f05-2f1e2144267d/element 200 38 ms - 88 
[HTTP] --> POST /wd/hub/session/6d28dc6e-8969-495c-9f05-2f1e2144267d/element {"using":"id","value":"com.climate.farmrise:id/sorry_txt"}
[debug] [MJSONWP] Calling AppiumDriver.findElement() with args: ["id","com.climate.farmrise:id/sorry_txt","6d28dc6e-8969-495c-9f05-2f1e2144267d"]
[debug] [BaseDriver] Valid locator strategies for this request: xpath, id, class name, accessibility id, -android uiautomator
[debug] [BaseDriver] Valid locator strategies for this request: xpath, id, class name, accessibility id, -android uiautomator
[debug] [BaseDriver] Waiting up to 80000 ms for condition
[debug] [AndroidBootstrap] Sending command to android: {"cmd":"action","action":"find","params":{"strategy":"id","selector":"com.climate.farmrise:id/sorry_txt","context":"","multiple":false}}
[debug] [AndroidBootstrap] [BOOTSTRAP LOG] [debug] Got data from client: {"cmd":"action","action":"find","params":{"strategy":"id","selector":"com.climate.farmrise:id/sorry_txt","context":"","multiple":false}}
[debug] [AndroidBootstrap] [BOOTSTRAP LOG] [debug] Got command of type ACTION
[debug] [AndroidBootstrap] [BOOTSTRAP LOG] [debug] Got command action: find
[debug] [AndroidBootstrap] [BOOTSTRAP LOG] [debug] Finding 'com.climate.farmrise:id/sorry_txt' using 'ID' with the contextId: '' multiple: false
[debug] [AndroidBootstrap] [BOOTSTRAP LOG] [debug] Using: UiSelector[INSTANCE=0, RESOURCE_ID=com.climate.farmrise:id/sorry_txt]
[debug] [AndroidBootstrap] [BOOTSTRAP LOG] [debug] Returning result: {"status":0,"value":{"ELEMENT":"87"}}
[debug] [AndroidBootstrap] Received command result from bootstrap
[debug] [MJSONWP] Responding to client with driver.findElement() result: {"ELEMENT":"87"}
[HTTP] <-- POST /wd/hub/session/6d28dc6e-8969-495c-9f05-2f1e2144267d/element 200 28 ms - 88 
[HTTP] --> GET /wd/hub/session/6d28dc6e-8969-495c-9f05-2f1e2144267d/element/87/text {}
[debug] [MJSONWP] Calling AppiumDriver.getText() with args: ["87","6d28dc6e-8969-495c-9f05-2f1e2144267d"]
[debug] [AndroidBootstrap] Sending command to android: {"cmd":"action","action":"element:getText","params":{"elementId":"87"}}
[debug] [AndroidBootstrap] [BOOTSTRAP LOG] [debug] Got data from client: {"cmd":"action","action":"element:getText","params":{"elementId":"87"}}
[debug] [AndroidBootstrap] [BOOTSTRAP LOG] [debug] Got command of type ACTION
[debug] [AndroidBootstrap] [BOOTSTRAP LOG] [debug] Got command action: getText
[debug] [AndroidBootstrap] [BOOTSTRAP LOG] [debug] Returning result: {"status":0,"value":"We're sorry!"}
[debug] [AndroidBootstrap] Received command result from bootstrap
[debug] [MJSONWP] Responding to client wi]]></system-out>
  </testcase>
</testsuite>