<?xml version="1.0" encoding="UTF-8"?>
<!-- Generated by org.testng.reporters.JUnitReportReporter -->
<testsuite hostname="LAPTOP-CU870VSL" name="com.maersk.TestScripts.TestScriptMaersk" tests="1" failures="0" timestamp="8 Jun 2020 09:17:44 GMT" time="29.490" errors="0">
  <testcase name="searchForShipment" time="29.490" classname="com.maersk.TestScripts.TestScriptMaersk"/>
</testsuite> <!-- com.maersk.TestScripts.TestScriptMaersk -->
